[debug] [2022-09-01T09:49:55.016Z] ----------------------------------------------------------------------
[debug] [2022-09-01T09:49:55.020Z] Command:       C:\Program Files\nodejs\node.exe C:\Users\abc\AppData\Roaming\npm\node_modules\firebase-tools\lib\bin\firebase.js emulators:start
[debug] [2022-09-01T09:49:55.021Z] CLI Version:   11.8.0
[debug] [2022-09-01T09:49:55.022Z] Platform:      win32
[debug] [2022-09-01T09:49:55.022Z] Node Version:  v16.13.2
[debug] [2022-09-01T09:49:55.023Z] Time:          Thu Sep 01 2022 15:19:55 GMT+0530 (India Standard Time)
[debug] [2022-09-01T09:49:55.024Z] ----------------------------------------------------------------------
[debug] 
[debug] [2022-09-01T09:49:55.180Z] > command requires scopes: ["email","openid","https://www.googleapis.com/auth/cloudplatformprojects.readonly","https://www.googleapis.com/auth/firebase","https://www.googleapis.com/auth/cloud-platform"]
[debug] [2022-09-01T09:49:55.181Z] > authorizing via signed-in user (ankitkumar04082001@gmail.com)
[info] i  emulators: Starting emulators: functions, hosting {"metadata":{"emulator":{"name":"hub"},"message":"Starting emulators: functions, hosting"}}
[debug] [2022-09-01T09:49:55.307Z] [hub] writing locator at C:\Users\abc\AppData\Local\Temp\hub-clone-e51c6.json
[warn] !  functions: The following emulators are not running, calls to these services from the Functions emulator will affect production: auth, firestore, database, pubsub, storage, eventarc {"metadata":{"emulator":{"name":"functions"},"message":"The following emulators are not running, calls to these services from the Functions emulator will affect production: \u001b[1mauth, firestore, database, pubsub, storage, eventarc\u001b[22m"}}
[info] +  functions: Using node@16 from host. {"metadata":{"emulator":{"name":"functions"},"message":"Using node@16 from host."}}
[debug] [2022-09-01T09:49:55.379Z] defaultcredentials: writing to file C:\Users\abc\AppData\Roaming\firebase\ankitkumar04082001_gmail_com_application_default_credentials.json
[debug] [2022-09-01T09:49:55.383Z] Setting GAC to C:\Users\abc\AppData\Roaming\firebase\ankitkumar04082001_gmail_com_application_default_credentials.json {"metadata":{"emulator":{"name":"functions"},"message":"Setting GAC to C:\\Users\\abc\\AppData\\Roaming\\firebase\\ankitkumar04082001_gmail_com_application_default_credentials.json"}}
[debug] [2022-09-01T09:49:55.389Z] >>> [apiv2][query] GET https://firebase.googleapis.com/v1beta1/projects/clone-e51c6/adminSdkConfig [none]
[debug] [2022-09-01T09:49:56.132Z] <<< [apiv2][status] GET https://firebase.googleapis.com/v1beta1/projects/clone-e51c6/adminSdkConfig 200
[debug] [2022-09-01T09:49:56.133Z] <<< [apiv2][body] GET https://firebase.googleapis.com/v1beta1/projects/clone-e51c6/adminSdkConfig {"projectId":"clone-e51c6","storageBucket":"clone-e51c6.appspot.com","locationId":"us-central"}
[debug] [2022-09-01T09:49:56.221Z] >>> [apiv2][query] GET https://firebasehosting.googleapis.com/v1beta1/projects/clone-e51c6/sites 
[debug] [2022-09-01T09:49:57.798Z] <<< [apiv2][status] GET https://firebasehosting.googleapis.com/v1beta1/projects/clone-e51c6/sites 200
[debug] [2022-09-01T09:49:57.799Z] <<< [apiv2][body] GET https://firebasehosting.googleapis.com/v1beta1/projects/clone-e51c6/sites {"sites":[{"name":"projects/clone-e51c6/sites/clone-e51c6","defaultUrl":"https://clone-e51c6.web.app","appId":"1:160609528747:web:0560ed07023ca0c5d2c0ee","type":"DEFAULT_SITE"}]}
[debug] [2022-09-01T09:49:57.800Z] >>> [apiv2][query] GET https://firebase.googleapis.com/v1beta1/projects/clone-e51c6/webApps/1:160609528747:web:0560ed07023ca0c5d2c0ee/config [none]
[debug] [2022-09-01T09:49:59.321Z] <<< [apiv2][status] GET https://firebase.googleapis.com/v1beta1/projects/clone-e51c6/webApps/1:160609528747:web:0560ed07023ca0c5d2c0ee/config 200
[debug] [2022-09-01T09:49:59.322Z] <<< [apiv2][body] GET https://firebase.googleapis.com/v1beta1/projects/clone-e51c6/webApps/1:160609528747:web:0560ed07023ca0c5d2c0ee/config {"projectId":"clone-e51c6","appId":"1:160609528747:web:0560ed07023ca0c5d2c0ee","storageBucket":"clone-e51c6.appspot.com","locationId":"us-central","apiKey":"AIzaSyDLZNh8g_d6xm88iLNnl_WcjXXcYtrb5E8","authDomain":"clone-e51c6.firebaseapp.com","messagingSenderId":"160609528747"}
[info] i  hosting: Serving hosting files from: build {"metadata":{"emulator":{"name":"hosting"},"message":"Serving hosting files from: \u001b[1mbuild\u001b[22m"}}
[info] +  hosting: Local server: http://localhost:5000 {"metadata":{"emulator":{"name":"hosting"},"message":"Local server: \u001b[4m\u001b[1mhttp://localhost:5000\u001b[22m\u001b[24m"}}
[warn] !  ui: Emulator UI unable to start on port 4000, starting on 4001 instead. {"metadata":{"emulator":{"name":"ui"},"message":"Emulator UI unable to start on port 4000, starting on 4001 instead."}}
[debug] [2022-09-01T09:49:59.617Z] Ignoring unsupported arg: auto_download {"metadata":{"emulator":{"name":"ui"},"message":"Ignoring unsupported arg: auto_download"}}
[debug] [2022-09-01T09:49:59.617Z] Ignoring unsupported arg: port {"metadata":{"emulator":{"name":"ui"},"message":"Ignoring unsupported arg: port"}}
[debug] [2022-09-01T09:49:59.617Z] Starting Emulator UI with command {"binary":"node","args":["C:\\Users\\abc\\.cache\\firebase\\emulators\\ui-v1.9.0\\server\\server.js"],"optionalArgs":[],"joinArgs":false} {"metadata":{"emulator":{"name":"ui"},"message":"Starting Emulator UI with command {\"binary\":\"node\",\"args\":[\"C:\\\\Users\\\\abc\\\\.cache\\\\firebase\\\\emulators\\\\ui-v1.9.0\\\\server\\\\server.js\"],\"optionalArgs\":[],\"joinArgs\":false}"}}
[info] i  ui: Emulator UI logging to ui-debug.log {"metadata":{"emulator":{"name":"ui"},"message":"Emulator UI logging to \u001b[1mui-debug.log\u001b[22m"}}
[debug] [2022-09-01T09:49:59.964Z] Web / API server started at localhost:4001
 {"metadata":{"emulator":{"name":"ui"},"message":"Web / API server started at localhost:4001\n"}}
[info] i  functions: Watching "E:\Amazon by ankit\amazon-clone\functions" for Cloud Functions... {"metadata":{"emulator":{"name":"functions"},"message":"Watching \"E:\\Amazon by ankit\\amazon-clone\\functions\" for Cloud Functions..."}}
[debug] [2022-09-01T09:50:00.163Z] Validating nodejs source
[warn] !  functions: package.json indicates an outdated version of firebase-functions. Please upgrade using npm install --save firebase-functions@latest in your functions directory. 
[debug] [2022-09-01T09:50:10.030Z] > [functions] package.json contents: {
  "name": "functions",
  "description": "Cloud Functions for Firebase",
  "scripts": {
    "lint": "eslint .",
    "serve": "firebase emulators:start --only functions",
    "shell": "firebase functions:shell",
    "start": "npm run shell",
    "deploy": "firebase deploy --only functions",
    "logs": "firebase functions:log"
  },
  "engines": {
    "node": "16"
  },
  "main": "index.js",
  "dependencies": {
    "body-parser": "^1.20.0",
    "cors": "^2.8.5",
    "express": "^4.18.1",
    "firebase-admin": "^10.0.2",
    "firebase-functions": "^3.18.0",
    "stripe": "^10.7.0"
  },
  "devDependencies": {
    "eslint": "^8.9.0",
    "eslint-config-google": "^0.14.0",
    "firebase-functions-test": "^0.2.0"
  },
  "private": true
}
[debug] [2022-09-01T09:50:10.031Z] Building nodejs source
[debug] [2022-09-01T09:50:10.031Z] Analyzing nodejs backend spec
[debug] [2022-09-01T09:50:10.035Z] Could not find functions.yaml. Must use http discovery
[debug] [2022-09-01T09:50:10.087Z] [work-queue] {"queueLength":1,"workRunningCount":0}
[debug] [2022-09-01T09:50:10.088Z] [work-queue] {"queueLength":0,"workRunningCount":1}
[debug] [2022-09-01T09:50:10.095Z] [work-queue] {"queueLength":0,"workRunningCount":0}
[debug] [2022-09-01T09:50:12.787Z] Serving at port 9005

[debug] [2022-09-01T09:50:14.311Z] Got response from /__/functions.yaml {"endpoints":{"api":{"platform":"gcfv1","httpsTrigger":{},"entryPoint":"api"}},"specVersion":"v1alpha1","requiredAPIs":[]}
[debug] [2022-09-01T09:50:14.322Z] shutdown requested via /__/quitquitquit

[info] +  functions: Loaded functions definitions from source: api. {"metadata":{"emulator":{"name":"functions"},"message":"Loaded functions definitions from source: api."}}
[info] +  functions[us-central1-api]: http function initialized (http://localhost:5001/clone-e51c6/us-central1/api). {"metadata":{"emulator":{"name":"functions"},"message":"\u001b[1mhttp\u001b[22m function initialized (http://localhost:5001/clone-e51c6/us-central1/api)."}}
[info] 
┌─────────────────────────────────────────────────────────────┐
│ ✔  All emulators ready! It is now safe to connect your app. │
│ i  View Emulator UI at http://localhost:4001                │
└─────────────────────────────────────────────────────────────┘

┌───────────┬────────────────┬─────────────────────────────────┐
│ Emulator  │ Host:Port      │ View in Emulator UI             │
├───────────┼────────────────┼─────────────────────────────────┤
│ Functions │ localhost:5001 │ http://localhost:4001/functions │
├───────────┼────────────────┼─────────────────────────────────┤
│ Hosting   │ localhost:5000 │ n/a                             │
└───────────┴────────────────┴─────────────────────────────────┘
  Emulator Hub running at localhost:4400
  Other reserved ports: 4500

Issues? Report them at https://github.com/firebase/firebase-tools/issues and attach the *-debug.log files.
 
[debug] [2022-09-01T09:50:24.623Z] [work-queue] {"queueLength":1,"workRunningCount":0}
[debug] [2022-09-01T09:50:24.624Z] [work-queue] {"queueLength":0,"workRunningCount":1}
[debug] [2022-09-01T09:50:24.624Z] Accepted request GET /clone-e51c6/us-central1/api --> us-central1-api
[debug] [2022-09-01T09:50:24.641Z] [worker-pool] addWorker(us-central1-api) {"metadata":{"emulator":{"name":"functions"},"message":"[worker-pool] addWorker(us-central1-api)"}}
[debug] [2022-09-01T09:50:24.642Z] [worker-pool] Adding worker with key us-central1-api, total=1 {"metadata":{"emulator":{"name":"functions"},"message":"[worker-pool] Adding worker with key us-central1-api, total=1"}}
[debug] [2022-09-01T09:50:24.643Z] [worker-pool] submitWork(triggerId=us-central1-api) {"metadata":{"emulator":{"name":"functions"},"message":"[worker-pool] submitWork(triggerId=us-central1-api)"}}
[debug] [2022-09-01T09:50:24.643Z] [worker-us-central1-api-d4a442a9-af79-43e6-b78f-5d66392868bf]: BUSY {"metadata":{"emulator":{"name":"functions"},"message":"[worker-us-central1-api-d4a442a9-af79-43e6-b78f-5d66392868bf]: BUSY"}}
[debug] [2022-09-01T09:50:27.051Z] [runtime-status] [6768] Resolved module firebase-admin {"declared":true,"installed":true,"version":"10.3.0","resolution":"E:\\Amazon by ankit\\amazon-clone\\functions\\node_modules\\firebase-admin\\lib\\index.js"} {"metadata":{"emulator":{"name":"functions"},"function":{"name":"us-central1-api"},"extension":{},"message":"[runtime-status] [6768] Resolved module firebase-admin {\"declared\":true,\"installed\":true,\"version\":\"10.3.0\",\"resolution\":\"E:\\\\Amazon by ankit\\\\amazon-clone\\\\functions\\\\node_modules\\\\firebase-admin\\\\lib\\\\index.js\"}"}}
[debug] [2022-09-01T09:50:27.053Z] [runtime-status] [6768] Resolved module firebase-functions {"declared":true,"installed":true,"version":"3.22.0","resolution":"E:\\Amazon by ankit\\amazon-clone\\functions\\node_modules\\firebase-functions\\lib\\index.js"} {"metadata":{"emulator":{"name":"functions"},"function":{"name":"us-central1-api"},"extension":{},"message":"[runtime-status] [6768] Resolved module firebase-functions {\"declared\":true,\"installed\":true,\"version\":\"3.22.0\",\"resolution\":\"E:\\\\Amazon by ankit\\\\amazon-clone\\\\functions\\\\node_modules\\\\firebase-functions\\\\lib\\\\index.js\"}"}}
[debug] [2022-09-01T09:50:27.053Z] [runtime-status] [6768] Outgoing network have been stubbed. [{"name":"http","status":"mocked"},{"name":"http","status":"mocked"},{"name":"https","status":"mocked"},{"name":"https","status":"mocked"},{"name":"net","status":"mocked"}] {"metadata":{"emulator":{"name":"functions"},"function":{"name":"us-central1-api"},"extension":{},"message":"[runtime-status] [6768] Outgoing network have been stubbed. [{\"name\":\"http\",\"status\":\"mocked\"},{\"name\":\"http\",\"status\":\"mocked\"},{\"name\":\"https\",\"status\":\"mocked\"},{\"name\":\"https\",\"status\":\"mocked\"},{\"name\":\"net\",\"status\":\"mocked\"}]"}}
[debug] [2022-09-01T09:50:27.057Z] [runtime-status] [6768] Resolved module firebase-functions {"declared":true,"installed":true,"version":"3.22.0","resolution":"E:\\Amazon by ankit\\amazon-clone\\functions\\node_modules\\firebase-functions\\lib\\index.js"} {"metadata":{"emulator":{"name":"functions"},"function":{"name":"us-central1-api"},"extension":{},"message":"[runtime-status] [6768] Resolved module firebase-functions {\"declared\":true,\"installed\":true,\"version\":\"3.22.0\",\"resolution\":\"E:\\\\Amazon by ankit\\\\amazon-clone\\\\functions\\\\node_modules\\\\firebase-functions\\\\lib\\\\index.js\"}"}}
[debug] [2022-09-01T09:50:27.157Z] [runtime-status] [6768] Checked functions.config() {"config":{}} {"metadata":{"emulator":{"name":"functions"},"function":{"name":"us-central1-api"},"extension":{},"message":"[runtime-status] [6768] Checked functions.config() {\"config\":{}}"}}
[debug] [2022-09-01T09:50:27.157Z] [runtime-status] [6768] firebase-functions has been stubbed. {"functionsResolution":{"declared":true,"installed":true,"version":"3.22.0","resolution":"E:\\Amazon by ankit\\amazon-clone\\functions\\node_modules\\firebase-functions\\lib\\index.js"}} {"metadata":{"emulator":{"name":"functions"},"function":{"name":"us-central1-api"},"extension":{},"message":"[runtime-status] [6768] firebase-functions has been stubbed. {\"functionsResolution\":{\"declared\":true,\"installed\":true,\"version\":\"3.22.0\",\"resolution\":\"E:\\\\Amazon by ankit\\\\amazon-clone\\\\functions\\\\node_modules\\\\firebase-functions\\\\lib\\\\index.js\"}}"}}
[debug] [2022-09-01T09:50:27.160Z] [runtime-status] [6768] Resolved module firebase-functions {"declared":true,"installed":true,"version":"3.22.0","resolution":"E:\\Amazon by ankit\\amazon-clone\\functions\\node_modules\\firebase-functions\\lib\\index.js"} {"metadata":{"emulator":{"name":"functions"},"function":{"name":"us-central1-api"},"extension":{},"message":"[runtime-status] [6768] Resolved module firebase-functions {\"declared\":true,\"installed\":true,\"version\":\"3.22.0\",\"resolution\":\"E:\\\\Amazon by ankit\\\\amazon-clone\\\\functions\\\\node_modules\\\\firebase-functions\\\\lib\\\\index.js\"}"}}
[debug] [2022-09-01T09:50:27.162Z] [runtime-status] [6768] Resolved module firebase-admin {"declared":true,"installed":true,"version":"10.3.0","resolution":"E:\\Amazon by ankit\\amazon-clone\\functions\\node_modules\\firebase-admin\\lib\\index.js"} {"metadata":{"emulator":{"name":"functions"},"function":{"name":"us-central1-api"},"extension":{},"message":"[runtime-status] [6768] Resolved module firebase-admin {\"declared\":true,\"installed\":true,\"version\":\"10.3.0\",\"resolution\":\"E:\\\\Amazon by ankit\\\\amazon-clone\\\\functions\\\\node_modules\\\\firebase-admin\\\\lib\\\\index.js\"}"}}
[debug] [2022-09-01T09:50:27.163Z] [runtime-status] [6768] Resolved module firebase-functions {"declared":true,"installed":true,"version":"3.22.0","resolution":"E:\\Amazon by ankit\\amazon-clone\\functions\\node_modules\\firebase-functions\\lib\\index.js"} {"metadata":{"emulator":{"name":"functions"},"function":{"name":"us-central1-api"},"extension":{},"message":"[runtime-status] [6768] Resolved module firebase-functions {\"declared\":true,\"installed\":true,\"version\":\"3.22.0\",\"resolution\":\"E:\\\\Amazon by ankit\\\\amazon-clone\\\\functions\\\\node_modules\\\\firebase-functions\\\\lib\\\\index.js\"}"}}
[debug] [2022-09-01T09:50:27.164Z] [runtime-status] [6768] firebase-admin has been stubbed. {"adminResolution":{"declared":true,"installed":true,"version":"10.3.0","resolution":"E:\\Amazon by ankit\\amazon-clone\\functions\\node_modules\\firebase-admin\\lib\\index.js"}} {"metadata":{"emulator":{"name":"functions"},"function":{"name":"us-central1-api"},"extension":{},"message":"[runtime-status] [6768] firebase-admin has been stubbed. {\"adminResolution\":{\"declared\":true,\"installed\":true,\"version\":\"10.3.0\",\"resolution\":\"E:\\\\Amazon by ankit\\\\amazon-clone\\\\functions\\\\node_modules\\\\firebase-admin\\\\lib\\\\index.js\"}}"}}
[debug] [2022-09-01T09:50:27.164Z] [runtime-status] [6768] Functions runtime initialized. {"cwd":"E:\\Amazon by ankit\\amazon-clone\\functions","node_version":"16.13.2"} {"metadata":{"emulator":{"name":"functions"},"function":{"name":"us-central1-api"},"extension":{},"message":"[runtime-status] [6768] Functions runtime initialized. {\"cwd\":\"E:\\\\Amazon by ankit\\\\amazon-clone\\\\functions\",\"node_version\":\"16.13.2\"}"}}
[debug] [2022-09-01T09:50:27.482Z] [runtime-status] [6768] Beginning invocation function api! {"metadata":{"emulator":{"name":"functions"},"function":{"name":"us-central1-api"},"extension":{},"message":"[runtime-status] [6768] Beginning invocation function api!"}}
[info] i  functions: Beginning execution of "api" {"metadata":{"emulator":{"name":"functions"},"function":{"name":"us-central1-api"},"extension":{},"message":"Beginning execution of \"api\""}}
[debug] [2022-09-01T09:50:27.484Z] [runtime-status] [6768] Running api in signature http {"metadata":{"emulator":{"name":"functions"},"function":{"name":"us-central1-api"},"extension":{},"message":"[runtime-status] [6768] Running api in signature http"}}
[debug] [2022-09-01T09:50:27.499Z] [runtime-status] [6768] Listening to port: \\?\pipe\fire_emu_ed2203522f760763 {"metadata":{"emulator":{"name":"functions"},"function":{"name":"us-central1-api"},"extension":{},"message":"[runtime-status] [6768] Listening to port: \\\\?\\pipe\\fire_emu_ed2203522f760763"}}
[debug] [2022-09-01T09:50:27.604Z] [functions] Runtime ready! Sending request! {"metadata":{"emulator":{"name":"functions"},"message":"[functions] Runtime ready! Sending request!"}}
[debug] [2022-09-01T09:50:27.605Z] [functions] Got req.url=/clone-e51c6/us-central1/api, mapping to path=/ {"metadata":{"emulator":{"name":"functions"},"message":"[functions] Got req.url=/clone-e51c6/us-central1/api, mapping to path=/"}}
[debug] [2022-09-01T09:50:27.611Z] [runtime-status] [6768] Ephemeral server handling GET request {"metadata":{"emulator":{"name":"functions"},"function":{"name":"us-central1-api"},"extension":{},"message":"[runtime-status] [6768] Ephemeral server handling GET request"}}
[debug] [2022-09-01T09:50:27.626Z] [runtime-status] [6768] Ephemeral server survived. {"metadata":{"emulator":{"name":"functions"},"function":{"name":"us-central1-api"},"extension":{},"message":"[runtime-status] [6768] Ephemeral server survived."}}
[info] i  functions: Finished "api" in ~1s {"metadata":{"emulator":{"name":"functions"},"function":{"name":"us-central1-api"},"extension":{},"message":"Finished \"api\" in ~1s"}}
[debug] [2022-09-01T09:50:27.632Z] [worker-us-central1-api-d4a442a9-af79-43e6-b78f-5d66392868bf]: IDLE {"metadata":{"emulator":{"name":"functions"},"message":"[worker-us-central1-api-d4a442a9-af79-43e6-b78f-5d66392868bf]: IDLE"}}
[debug] [2022-09-01T09:50:27.633Z] [work-queue] {"queueLength":0,"workRunningCount":0}
[debug] [2022-09-01T09:50:37.055Z] [work-queue] {"queueLength":1,"workRunningCount":0}
[debug] [2022-09-01T09:50:37.056Z] [work-queue] {"queueLength":0,"workRunningCount":1}
[debug] [2022-09-01T09:50:37.056Z] Accepted request OPTIONS /clone-e51c6/us-central1/api/payments/create --> us-central1-api
[debug] [2022-09-01T09:50:37.056Z] [worker-pool] submitWork(triggerId=us-central1-api) {"metadata":{"emulator":{"name":"functions"},"message":"[worker-pool] submitWork(triggerId=us-central1-api)"}}
[debug] [2022-09-01T09:50:37.057Z] [worker-us-central1-api-d4a442a9-af79-43e6-b78f-5d66392868bf]: BUSY {"metadata":{"emulator":{"name":"functions"},"message":"[worker-us-central1-api-d4a442a9-af79-43e6-b78f-5d66392868bf]: BUSY"}}
[debug] [2022-09-01T09:50:37.059Z] [work-queue] {"queueLength":1,"workRunningCount":1}
[debug] [2022-09-01T09:50:37.059Z] [work-queue] {"queueLength":0,"workRunningCount":2}
[debug] [2022-09-01T09:50:37.060Z] Accepted request OPTIONS /clone-e51c6/us-central1/api/payments/create --> us-central1-api
[debug] [2022-09-01T09:50:37.104Z] [worker-pool] addWorker(us-central1-api) {"metadata":{"emulator":{"name":"functions"},"message":"[worker-pool] addWorker(us-central1-api)"}}
[debug] [2022-09-01T09:50:37.105Z] [worker-pool] Adding worker with key us-central1-api, total=2 {"metadata":{"emulator":{"name":"functions"},"message":"[worker-pool] Adding worker with key us-central1-api, total=2"}}
[debug] [2022-09-01T09:50:37.105Z] [worker-pool] submitWork(triggerId=us-central1-api) {"metadata":{"emulator":{"name":"functions"},"message":"[worker-pool] submitWork(triggerId=us-central1-api)"}}
[debug] [2022-09-01T09:50:37.106Z] [worker-us-central1-api-bd6b2a27-84fb-4b6e-a2aa-b8731fe95306]: BUSY {"metadata":{"emulator":{"name":"functions"},"message":"[worker-us-central1-api-bd6b2a27-84fb-4b6e-a2aa-b8731fe95306]: BUSY"}}
[debug] [2022-09-01T09:50:37.108Z] [runtime-status] [6768] Beginning invocation function api! {"metadata":{"emulator":{"name":"functions"},"function":{"name":"us-central1-api"},"extension":{},"message":"[runtime-status] [6768] Beginning invocation function api!"}}
[info] i  functions: Beginning execution of "api" {"metadata":{"emulator":{"name":"functions"},"function":{"name":"us-central1-api"},"extension":{},"message":"Beginning execution of \"api\""}}
[debug] [2022-09-01T09:50:37.110Z] [runtime-status] [6768] Running api in signature http {"metadata":{"emulator":{"name":"functions"},"function":{"name":"us-central1-api"},"extension":{},"message":"[runtime-status] [6768] Running api in signature http"}}
[debug] [2022-09-01T09:50:37.110Z] [runtime-status] [6768] Listening to port: \\?\pipe\fire_emu_ed2203522f760763 {"metadata":{"emulator":{"name":"functions"},"function":{"name":"us-central1-api"},"extension":{},"message":"[runtime-status] [6768] Listening to port: \\\\?\\pipe\\fire_emu_ed2203522f760763"}}
[debug] [2022-09-01T09:50:37.231Z] [functions] Runtime ready! Sending request! {"metadata":{"emulator":{"name":"functions"},"message":"[functions] Runtime ready! Sending request!"}}
[debug] [2022-09-01T09:50:37.232Z] [functions] Got req.url=/clone-e51c6/us-central1/api/payments/create, mapping to path=/payments/create {"metadata":{"emulator":{"name":"functions"},"message":"[functions] Got req.url=/clone-e51c6/us-central1/api/payments/create, mapping to path=/payments/create"}}
[debug] [2022-09-01T09:50:37.235Z] [runtime-status] [6768] Ephemeral server handling OPTIONS request {"metadata":{"emulator":{"name":"functions"},"function":{"name":"us-central1-api"},"extension":{},"message":"[runtime-status] [6768] Ephemeral server handling OPTIONS request"}}
[debug] [2022-09-01T09:50:37.239Z] [runtime-status] [6768] Ephemeral server survived. {"metadata":{"emulator":{"name":"functions"},"function":{"name":"us-central1-api"},"extension":{},"message":"[runtime-status] [6768] Ephemeral server survived."}}
[info] i  functions: Finished "api" in ~1s {"metadata":{"emulator":{"name":"functions"},"function":{"name":"us-central1-api"},"extension":{},"message":"Finished \"api\" in ~1s"}}
[debug] [2022-09-01T09:50:37.250Z] [worker-us-central1-api-d4a442a9-af79-43e6-b78f-5d66392868bf]: IDLE {"metadata":{"emulator":{"name":"functions"},"message":"[worker-us-central1-api-d4a442a9-af79-43e6-b78f-5d66392868bf]: IDLE"}}
[debug] [2022-09-01T09:50:37.250Z] [work-queue] {"queueLength":0,"workRunningCount":1}
[debug] [2022-09-01T09:50:37.253Z] [work-queue] {"queueLength":1,"workRunningCount":1}
[debug] [2022-09-01T09:50:37.253Z] [work-queue] {"queueLength":0,"workRunningCount":2}
[debug] [2022-09-01T09:50:37.253Z] Accepted request POST /clone-e51c6/us-central1/api/payments/create --> us-central1-api
[debug] [2022-09-01T09:50:37.253Z] [worker-pool] submitWork(triggerId=us-central1-api) {"metadata":{"emulator":{"name":"functions"},"message":"[worker-pool] submitWork(triggerId=us-central1-api)"}}
[debug] [2022-09-01T09:50:37.254Z] [worker-us-central1-api-d4a442a9-af79-43e6-b78f-5d66392868bf]: BUSY {"metadata":{"emulator":{"name":"functions"},"message":"[worker-us-central1-api-d4a442a9-af79-43e6-b78f-5d66392868bf]: BUSY"}}
[debug] [2022-09-01T09:50:37.256Z] [runtime-status] [6768] Beginning invocation function api! {"metadata":{"emulator":{"name":"functions"},"function":{"name":"us-central1-api"},"extension":{},"message":"[runtime-status] [6768] Beginning invocation function api!"}}
[info] i  functions: Beginning execution of "api" {"metadata":{"emulator":{"name":"functions"},"function":{"name":"us-central1-api"},"extension":{},"message":"Beginning execution of \"api\""}}
[debug] [2022-09-01T09:50:37.270Z] [runtime-status] [6768] Running api in signature http {"metadata":{"emulator":{"name":"functions"},"function":{"name":"us-central1-api"},"extension":{},"message":"[runtime-status] [6768] Running api in signature http"}}
[debug] [2022-09-01T09:50:37.270Z] [runtime-status] [6768] Listening to port: \\?\pipe\fire_emu_ed2203522f760763 {"metadata":{"emulator":{"name":"functions"},"function":{"name":"us-central1-api"},"extension":{},"message":"[runtime-status] [6768] Listening to port: \\\\?\\pipe\\fire_emu_ed2203522f760763"}}
[debug] [2022-09-01T09:50:37.396Z] [functions] Runtime ready! Sending request! {"metadata":{"emulator":{"name":"functions"},"message":"[functions] Runtime ready! Sending request!"}}
[debug] [2022-09-01T09:50:37.396Z] [functions] Got req.url=/clone-e51c6/us-central1/api/payments/create, mapping to path=/payments/create {"metadata":{"emulator":{"name":"functions"},"message":"[functions] Got req.url=/clone-e51c6/us-central1/api/payments/create, mapping to path=/payments/create"}}
[debug] [2022-09-01T09:50:37.966Z] [runtime-status] [6768] Ephemeral server handling POST request {"metadata":{"emulator":{"name":"functions"},"function":{"name":"us-central1-api"},"extension":{},"message":"[runtime-status] [6768] Ephemeral server handling POST request"}}
[info] >  0 {"user":0,"metadata":{"emulator":{"name":"functions"},"function":{"name":"us-central1-api"},"extension":{},"message":"\u001b[90m> \u001b[39m 0"}}
[info] >  payment  request recieved=> 0 {"user":"payment  request recieved=> 0","metadata":{"emulator":{"name":"functions"},"function":{"name":"us-central1-api"},"extension":{},"message":"\u001b[90m> \u001b[39m payment  request recieved=> 0"}}
[debug] [2022-09-01T09:50:37.988Z] [runtime-status] [6768] Ephemeral server survived. {"metadata":{"emulator":{"name":"functions"},"function":{"name":"us-central1-api"},"extension":{},"message":"[runtime-status] [6768] Ephemeral server survived."}}
[info] i  functions: Finished "api" in ~1s {"metadata":{"emulator":{"name":"functions"},"function":{"name":"us-central1-api"},"extension":{},"message":"Finished \"api\" in ~1s"}}
[debug] [2022-09-01T09:50:39.080Z] [worker-us-central1-api-d4a442a9-af79-43e6-b78f-5d66392868bf]: IDLE {"metadata":{"emulator":{"name":"functions"},"message":"[worker-us-central1-api-d4a442a9-af79-43e6-b78f-5d66392868bf]: IDLE"}}
[debug] [2022-09-01T09:50:39.081Z] [work-queue] {"queueLength":0,"workRunningCount":1}
[debug] [2022-09-01T09:50:42.464Z] [runtime-status] [3988] Resolved module firebase-admin {"declared":true,"installed":true,"version":"10.3.0","resolution":"E:\\Amazon by ankit\\amazon-clone\\functions\\node_modules\\firebase-admin\\lib\\index.js"} {"metadata":{"emulator":{"name":"functions"},"function":{"name":"us-central1-api"},"extension":{},"message":"[runtime-status] [3988] Resolved module firebase-admin {\"declared\":true,\"installed\":true,\"version\":\"10.3.0\",\"resolution\":\"E:\\\\Amazon by ankit\\\\amazon-clone\\\\functions\\\\node_modules\\\\firebase-admin\\\\lib\\\\index.js\"}"}}
[debug] [2022-09-01T09:50:42.468Z] [runtime-status] [3988] Resolved module firebase-functions {"declared":true,"installed":true,"version":"3.22.0","resolution":"E:\\Amazon by ankit\\amazon-clone\\functions\\node_modules\\firebase-functions\\lib\\index.js"} {"metadata":{"emulator":{"name":"functions"},"function":{"name":"us-central1-api"},"extension":{},"message":"[runtime-status] [3988] Resolved module firebase-functions {\"declared\":true,\"installed\":true,\"version\":\"3.22.0\",\"resolution\":\"E:\\\\Amazon by ankit\\\\amazon-clone\\\\functions\\\\node_modules\\\\firebase-functions\\\\lib\\\\index.js\"}"}}
[debug] [2022-09-01T09:50:42.469Z] [runtime-status] [3988] Outgoing network have been stubbed. [{"name":"http","status":"mocked"},{"name":"http","status":"mocked"},{"name":"https","status":"mocked"},{"name":"https","status":"mocked"},{"name":"net","status":"mocked"}] {"metadata":{"emulator":{"name":"functions"},"function":{"name":"us-central1-api"},"extension":{},"message":"[runtime-status] [3988] Outgoing network have been stubbed. [{\"name\":\"http\",\"status\":\"mocked\"},{\"name\":\"http\",\"status\":\"mocked\"},{\"name\":\"https\",\"status\":\"mocked\"},{\"name\":\"https\",\"status\":\"mocked\"},{\"name\":\"net\",\"status\":\"mocked\"}]"}}
[debug] [2022-09-01T09:50:42.473Z] [runtime-status] [3988] Resolved module firebase-functions {"declared":true,"installed":true,"version":"3.22.0","resolution":"E:\\Amazon by ankit\\amazon-clone\\functions\\node_modules\\firebase-functions\\lib\\index.js"} {"metadata":{"emulator":{"name":"functions"},"function":{"name":"us-central1-api"},"extension":{},"message":"[runtime-status] [3988] Resolved module firebase-functions {\"declared\":true,\"installed\":true,\"version\":\"3.22.0\",\"resolution\":\"E:\\\\Amazon by ankit\\\\amazon-clone\\\\functions\\\\node_modules\\\\firebase-functions\\\\lib\\\\index.js\"}"}}
[debug] [2022-09-01T09:50:42.651Z] [runtime-status] [3988] Checked functions.config() {"config":{}} {"metadata":{"emulator":{"name":"functions"},"function":{"name":"us-central1-api"},"extension":{},"message":"[runtime-status] [3988] Checked functions.config() {\"config\":{}}"}}
[debug] [2022-09-01T09:50:42.651Z] [runtime-status] [3988] firebase-functions has been stubbed. {"functionsResolution":{"declared":true,"installed":true,"version":"3.22.0","resolution":"E:\\Amazon by ankit\\amazon-clone\\functions\\node_modules\\firebase-functions\\lib\\index.js"}} {"metadata":{"emulator":{"name":"functions"},"function":{"name":"us-central1-api"},"extension":{},"message":"[runtime-status] [3988] firebase-functions has been stubbed. {\"functionsResolution\":{\"declared\":true,\"installed\":true,\"version\":\"3.22.0\",\"resolution\":\"E:\\\\Amazon by ankit\\\\amazon-clone\\\\functions\\\\node_modules\\\\firebase-functions\\\\lib\\\\index.js\"}}"}}
[debug] [2022-09-01T09:50:42.654Z] [runtime-status] [3988] Resolved module firebase-functions {"declared":true,"installed":true,"version":"3.22.0","resolution":"E:\\Amazon by ankit\\amazon-clone\\functions\\node_modules\\firebase-functions\\lib\\index.js"} {"metadata":{"emulator":{"name":"functions"},"function":{"name":"us-central1-api"},"extension":{},"message":"[runtime-status] [3988] Resolved module firebase-functions {\"declared\":true,\"installed\":true,\"version\":\"3.22.0\",\"resolution\":\"E:\\\\Amazon by ankit\\\\amazon-clone\\\\functions\\\\node_modules\\\\firebase-functions\\\\lib\\\\index.js\"}"}}
[debug] [2022-09-01T09:50:42.658Z] [runtime-status] [3988] Resolved module firebase-admin {"declared":true,"installed":true,"version":"10.3.0","resolution":"E:\\Amazon by ankit\\amazon-clone\\functions\\node_modules\\firebase-admin\\lib\\index.js"} {"metadata":{"emulator":{"name":"functions"},"function":{"name":"us-central1-api"},"extension":{},"message":"[runtime-status] [3988] Resolved module firebase-admin {\"declared\":true,\"installed\":true,\"version\":\"10.3.0\",\"resolution\":\"E:\\\\Amazon by ankit\\\\amazon-clone\\\\functions\\\\node_modules\\\\firebase-admin\\\\lib\\\\index.js\"}"}}
[debug] [2022-09-01T09:50:42.661Z] [runtime-status] [3988] Resolved module firebase-functions {"declared":true,"installed":true,"version":"3.22.0","resolution":"E:\\Amazon by ankit\\amazon-clone\\functions\\node_modules\\firebase-functions\\lib\\index.js"} {"metadata":{"emulator":{"name":"functions"},"function":{"name":"us-central1-api"},"extension":{},"message":"[runtime-status] [3988] Resolved module firebase-functions {\"declared\":true,\"installed\":true,\"version\":\"3.22.0\",\"resolution\":\"E:\\\\Amazon by ankit\\\\amazon-clone\\\\functions\\\\node_modules\\\\firebase-functions\\\\lib\\\\index.js\"}"}}
[debug] [2022-09-01T09:50:42.661Z] [runtime-status] [3988] firebase-admin has been stubbed. {"adminResolution":{"declared":true,"installed":true,"version":"10.3.0","resolution":"E:\\Amazon by ankit\\amazon-clone\\functions\\node_modules\\firebase-admin\\lib\\index.js"}} {"metadata":{"emulator":{"name":"functions"},"function":{"name":"us-central1-api"},"extension":{},"message":"[runtime-status] [3988] firebase-admin has been stubbed. {\"adminResolution\":{\"declared\":true,\"installed\":true,\"version\":\"10.3.0\",\"resolution\":\"E:\\\\Amazon by ankit\\\\amazon-clone\\\\functions\\\\node_modules\\\\firebase-admin\\\\lib\\\\index.js\"}}"}}
[debug] [2022-09-01T09:50:42.662Z] [runtime-status] [3988] Functions runtime initialized. {"cwd":"E:\\Amazon by ankit\\amazon-clone\\functions","node_version":"16.13.2"} {"metadata":{"emulator":{"name":"functions"},"function":{"name":"us-central1-api"},"extension":{},"message":"[runtime-status] [3988] Functions runtime initialized. {\"cwd\":\"E:\\\\Amazon by ankit\\\\amazon-clone\\\\functions\",\"node_version\":\"16.13.2\"}"}}
[debug] [2022-09-01T09:50:43.348Z] [runtime-status] [3988] Beginning invocation function api! {"metadata":{"emulator":{"name":"functions"},"function":{"name":"us-central1-api"},"extension":{},"message":"[runtime-status] [3988] Beginning invocation function api!"}}
[info] i  functions: Beginning execution of "api" {"metadata":{"emulator":{"name":"functions"},"function":{"name":"us-central1-api"},"extension":{},"message":"Beginning execution of \"api\""}}
[debug] [2022-09-01T09:50:43.353Z] [runtime-status] [3988] Running api in signature http {"metadata":{"emulator":{"name":"functions"},"function":{"name":"us-central1-api"},"extension":{},"message":"[runtime-status] [3988] Running api in signature http"}}
[debug] [2022-09-01T09:50:43.369Z] [runtime-status] [3988] Listening to port: \\?\pipe\fire_emu_611fc1e1aebda9d2 {"metadata":{"emulator":{"name":"functions"},"function":{"name":"us-central1-api"},"extension":{},"message":"[runtime-status] [3988] Listening to port: \\\\?\\pipe\\fire_emu_611fc1e1aebda9d2"}}
[debug] [2022-09-01T09:50:43.472Z] [functions] Runtime ready! Sending request! {"metadata":{"emulator":{"name":"functions"},"message":"[functions] Runtime ready! Sending request!"}}
[debug] [2022-09-01T09:50:43.473Z] [functions] Got req.url=/clone-e51c6/us-central1/api/payments/create, mapping to path=/payments/create {"metadata":{"emulator":{"name":"functions"},"message":"[functions] Got req.url=/clone-e51c6/us-central1/api/payments/create, mapping to path=/payments/create"}}
[debug] [2022-09-01T09:50:43.480Z] [runtime-status] [3988] Ephemeral server handling OPTIONS request {"metadata":{"emulator":{"name":"functions"},"function":{"name":"us-central1-api"},"extension":{},"message":"[runtime-status] [3988] Ephemeral server handling OPTIONS request"}}
[debug] [2022-09-01T09:50:43.486Z] [runtime-status] [3988] Ephemeral server survived. {"metadata":{"emulator":{"name":"functions"},"function":{"name":"us-central1-api"},"extension":{},"message":"[runtime-status] [3988] Ephemeral server survived."}}
[info] i  functions: Finished "api" in ~1s {"metadata":{"emulator":{"name":"functions"},"function":{"name":"us-central1-api"},"extension":{},"message":"Finished \"api\" in ~1s"}}
[debug] [2022-09-01T09:50:43.490Z] [worker-us-central1-api-bd6b2a27-84fb-4b6e-a2aa-b8731fe95306]: IDLE {"metadata":{"emulator":{"name":"functions"},"message":"[worker-us-central1-api-bd6b2a27-84fb-4b6e-a2aa-b8731fe95306]: IDLE"}}
[debug] [2022-09-01T09:50:43.491Z] [work-queue] {"queueLength":0,"workRunningCount":0}
[debug] [2022-09-01T09:50:55.435Z] [work-queue] {"queueLength":1,"workRunningCount":0}
[debug] [2022-09-01T09:50:55.436Z] [work-queue] {"queueLength":0,"workRunningCount":1}
[debug] [2022-09-01T09:50:55.436Z] Accepted request OPTIONS /clone-e51c6/us-central1/api/payments/create --> us-central1-api
[debug] [2022-09-01T09:50:55.436Z] [worker-pool] submitWork(triggerId=us-central1-api) {"metadata":{"emulator":{"name":"functions"},"message":"[worker-pool] submitWork(triggerId=us-central1-api)"}}
[debug] [2022-09-01T09:50:55.436Z] [worker-us-central1-api-d4a442a9-af79-43e6-b78f-5d66392868bf]: BUSY {"metadata":{"emulator":{"name":"functions"},"message":"[worker-us-central1-api-d4a442a9-af79-43e6-b78f-5d66392868bf]: BUSY"}}
[debug] [2022-09-01T09:50:55.438Z] [runtime-status] [6768] Beginning invocation function api! {"metadata":{"emulator":{"name":"functions"},"function":{"name":"us-central1-api"},"extension":{},"message":"[runtime-status] [6768] Beginning invocation function api!"}}
[info] i  functions: Beginning execution of "api" {"metadata":{"emulator":{"name":"functions"},"function":{"name":"us-central1-api"},"extension":{},"message":"Beginning execution of \"api\""}}
[debug] [2022-09-01T09:50:55.442Z] [runtime-status] [6768] Running api in signature http {"metadata":{"emulator":{"name":"functions"},"function":{"name":"us-central1-api"},"extension":{},"message":"[runtime-status] [6768] Running api in signature http"}}
[debug] [2022-09-01T09:50:55.443Z] [runtime-status] [6768] Listening to port: \\?\pipe\fire_emu_ed2203522f760763 {"metadata":{"emulator":{"name":"functions"},"function":{"name":"us-central1-api"},"extension":{},"message":"[runtime-status] [6768] Listening to port: \\\\?\\pipe\\fire_emu_ed2203522f760763"}}
[debug] [2022-09-01T09:50:55.551Z] [functions] Runtime ready! Sending request! {"metadata":{"emulator":{"name":"functions"},"message":"[functions] Runtime ready! Sending request!"}}
[debug] [2022-09-01T09:50:55.552Z] [functions] Got req.url=/clone-e51c6/us-central1/api/payments/create, mapping to path=/payments/create {"metadata":{"emulator":{"name":"functions"},"message":"[functions] Got req.url=/clone-e51c6/us-central1/api/payments/create, mapping to path=/payments/create"}}
[debug] [2022-09-01T09:50:55.555Z] [runtime-status] [6768] Ephemeral server handling OPTIONS request {"metadata":{"emulator":{"name":"functions"},"function":{"name":"us-central1-api"},"extension":{},"message":"[runtime-status] [6768] Ephemeral server handling OPTIONS request"}}
[debug] [2022-09-01T09:50:55.558Z] [runtime-status] [6768] Ephemeral server survived. {"metadata":{"emulator":{"name":"functions"},"function":{"name":"us-central1-api"},"extension":{},"message":"[runtime-status] [6768] Ephemeral server survived."}}
[info] i  functions: Finished "api" in ~1s {"metadata":{"emulator":{"name":"functions"},"function":{"name":"us-central1-api"},"extension":{},"message":"Finished \"api\" in ~1s"}}
[debug] [2022-09-01T09:50:55.595Z] [worker-us-central1-api-d4a442a9-af79-43e6-b78f-5d66392868bf]: IDLE {"metadata":{"emulator":{"name":"functions"},"message":"[worker-us-central1-api-d4a442a9-af79-43e6-b78f-5d66392868bf]: IDLE"}}
[debug] [2022-09-01T09:50:55.595Z] [work-queue] {"queueLength":0,"workRunningCount":0}
[debug] [2022-09-01T09:50:55.596Z] [work-queue] {"queueLength":1,"workRunningCount":0}
[debug] [2022-09-01T09:50:55.597Z] [work-queue] {"queueLength":0,"workRunningCount":1}
[debug] [2022-09-01T09:50:55.597Z] Accepted request OPTIONS /clone-e51c6/us-central1/api/payments/create --> us-central1-api
[debug] [2022-09-01T09:50:55.597Z] [worker-pool] submitWork(triggerId=us-central1-api) {"metadata":{"emulator":{"name":"functions"},"message":"[worker-pool] submitWork(triggerId=us-central1-api)"}}
[debug] [2022-09-01T09:50:55.597Z] [worker-us-central1-api-d4a442a9-af79-43e6-b78f-5d66392868bf]: BUSY {"metadata":{"emulator":{"name":"functions"},"message":"[worker-us-central1-api-d4a442a9-af79-43e6-b78f-5d66392868bf]: BUSY"}}
[debug] [2022-09-01T09:50:55.599Z] [runtime-status] [6768] Beginning invocation function api! {"metadata":{"emulator":{"name":"functions"},"function":{"name":"us-central1-api"},"extension":{},"message":"[runtime-status] [6768] Beginning invocation function api!"}}
[info] i  functions: Beginning execution of "api" {"metadata":{"emulator":{"name":"functions"},"function":{"name":"us-central1-api"},"extension":{},"message":"Beginning execution of \"api\""}}
[debug] [2022-09-01T09:50:55.601Z] [runtime-status] [6768] Running api in signature http {"metadata":{"emulator":{"name":"functions"},"function":{"name":"us-central1-api"},"extension":{},"message":"[runtime-status] [6768] Running api in signature http"}}
[debug] [2022-09-01T09:50:55.602Z] [runtime-status] [6768] Listening to port: \\?\pipe\fire_emu_ed2203522f760763 {"metadata":{"emulator":{"name":"functions"},"function":{"name":"us-central1-api"},"extension":{},"message":"[runtime-status] [6768] Listening to port: \\\\?\\pipe\\fire_emu_ed2203522f760763"}}
[debug] [2022-09-01T09:50:55.715Z] [functions] Runtime ready! Sending request! {"metadata":{"emulator":{"name":"functions"},"message":"[functions] Runtime ready! Sending request!"}}
[debug] [2022-09-01T09:50:55.715Z] [functions] Got req.url=/clone-e51c6/us-central1/api/payments/create, mapping to path=/payments/create {"metadata":{"emulator":{"name":"functions"},"message":"[functions] Got req.url=/clone-e51c6/us-central1/api/payments/create, mapping to path=/payments/create"}}
[debug] [2022-09-01T09:50:55.718Z] [runtime-status] [6768] Ephemeral server handling OPTIONS request {"metadata":{"emulator":{"name":"functions"},"function":{"name":"us-central1-api"},"extension":{},"message":"[runtime-status] [6768] Ephemeral server handling OPTIONS request"}}
[debug] [2022-09-01T09:50:55.720Z] [runtime-status] [6768] Ephemeral server survived. {"metadata":{"emulator":{"name":"functions"},"function":{"name":"us-central1-api"},"extension":{},"message":"[runtime-status] [6768] Ephemeral server survived."}}
[info] i  functions: Finished "api" in ~1s {"metadata":{"emulator":{"name":"functions"},"function":{"name":"us-central1-api"},"extension":{},"message":"Finished \"api\" in ~1s"}}
[debug] [2022-09-01T09:50:55.726Z] [work-queue] {"queueLength":1,"workRunningCount":1}
[debug] [2022-09-01T09:50:55.727Z] [work-queue] {"queueLength":0,"workRunningCount":2}
[debug] [2022-09-01T09:50:55.727Z] Accepted request POST /clone-e51c6/us-central1/api/payments/create --> us-central1-api
[debug] [2022-09-01T09:50:55.728Z] [worker-pool] submitWork(triggerId=us-central1-api) {"metadata":{"emulator":{"name":"functions"},"message":"[worker-pool] submitWork(triggerId=us-central1-api)"}}
[debug] [2022-09-01T09:50:55.728Z] [worker-us-central1-api-bd6b2a27-84fb-4b6e-a2aa-b8731fe95306]: BUSY {"metadata":{"emulator":{"name":"functions"},"message":"[worker-us-central1-api-bd6b2a27-84fb-4b6e-a2aa-b8731fe95306]: BUSY"}}
[debug] [2022-09-01T09:50:55.730Z] [worker-us-central1-api-d4a442a9-af79-43e6-b78f-5d66392868bf]: IDLE {"metadata":{"emulator":{"name":"functions"},"message":"[worker-us-central1-api-d4a442a9-af79-43e6-b78f-5d66392868bf]: IDLE"}}
[debug] [2022-09-01T09:50:55.730Z] [work-queue] {"queueLength":0,"workRunningCount":1}
[debug] [2022-09-01T09:50:55.730Z] [runtime-status] [3988] Beginning invocation function api! {"metadata":{"emulator":{"name":"functions"},"function":{"name":"us-central1-api"},"extension":{},"message":"[runtime-status] [3988] Beginning invocation function api!"}}
[info] i  functions: Beginning execution of "api" {"metadata":{"emulator":{"name":"functions"},"function":{"name":"us-central1-api"},"extension":{},"message":"Beginning execution of \"api\""}}
[debug] [2022-09-01T09:50:55.732Z] [runtime-status] [3988] Running api in signature http {"metadata":{"emulator":{"name":"functions"},"function":{"name":"us-central1-api"},"extension":{},"message":"[runtime-status] [3988] Running api in signature http"}}
[debug] [2022-09-01T09:50:55.733Z] [runtime-status] [3988] Listening to port: \\?\pipe\fire_emu_611fc1e1aebda9d2 {"metadata":{"emulator":{"name":"functions"},"function":{"name":"us-central1-api"},"extension":{},"message":"[runtime-status] [3988] Listening to port: \\\\?\\pipe\\fire_emu_611fc1e1aebda9d2"}}
[debug] [2022-09-01T09:50:55.741Z] [work-queue] {"queueLength":1,"workRunningCount":1}
[debug] [2022-09-01T09:50:55.742Z] [work-queue] {"queueLength":0,"workRunningCount":2}
[debug] [2022-09-01T09:50:55.742Z] Accepted request POST /clone-e51c6/us-central1/api/payments/create --> us-central1-api
[debug] [2022-09-01T09:50:55.742Z] [worker-pool] submitWork(triggerId=us-central1-api) {"metadata":{"emulator":{"name":"functions"},"message":"[worker-pool] submitWork(triggerId=us-central1-api)"}}
[debug] [2022-09-01T09:50:55.742Z] [worker-us-central1-api-d4a442a9-af79-43e6-b78f-5d66392868bf]: BUSY {"metadata":{"emulator":{"name":"functions"},"message":"[worker-us-central1-api-d4a442a9-af79-43e6-b78f-5d66392868bf]: BUSY"}}
[debug] [2022-09-01T09:50:55.743Z] [runtime-status] [6768] Beginning invocation function api! {"metadata":{"emulator":{"name":"functions"},"function":{"name":"us-central1-api"},"extension":{},"message":"[runtime-status] [6768] Beginning invocation function api!"}}
[info] i  functions: Beginning execution of "api" {"metadata":{"emulator":{"name":"functions"},"function":{"name":"us-central1-api"},"extension":{},"message":"Beginning execution of \"api\""}}
[debug] [2022-09-01T09:50:55.745Z] [runtime-status] [6768] Running api in signature http {"metadata":{"emulator":{"name":"functions"},"function":{"name":"us-central1-api"},"extension":{},"message":"[runtime-status] [6768] Running api in signature http"}}
[debug] [2022-09-01T09:50:55.746Z] [runtime-status] [6768] Listening to port: \\?\pipe\fire_emu_ed2203522f760763 {"metadata":{"emulator":{"name":"functions"},"function":{"name":"us-central1-api"},"extension":{},"message":"[runtime-status] [6768] Listening to port: \\\\?\\pipe\\fire_emu_ed2203522f760763"}}
[debug] [2022-09-01T09:50:55.849Z] [functions] Runtime ready! Sending request! {"metadata":{"emulator":{"name":"functions"},"message":"[functions] Runtime ready! Sending request!"}}
[debug] [2022-09-01T09:50:55.850Z] [functions] Got req.url=/clone-e51c6/us-central1/api/payments/create, mapping to path=/payments/create {"metadata":{"emulator":{"name":"functions"},"message":"[functions] Got req.url=/clone-e51c6/us-central1/api/payments/create, mapping to path=/payments/create"}}
[debug] [2022-09-01T09:50:55.857Z] [functions] Runtime ready! Sending request! {"metadata":{"emulator":{"name":"functions"},"message":"[functions] Runtime ready! Sending request!"}}
[debug] [2022-09-01T09:50:55.858Z] [functions] Got req.url=/clone-e51c6/us-central1/api/payments/create, mapping to path=/payments/create {"metadata":{"emulator":{"name":"functions"},"message":"[functions] Got req.url=/clone-e51c6/us-central1/api/payments/create, mapping to path=/payments/create"}}
[debug] [2022-09-01T09:50:55.862Z] [runtime-status] [6768] Ephemeral server handling POST request {"metadata":{"emulator":{"name":"functions"},"function":{"name":"us-central1-api"},"extension":{},"message":"[runtime-status] [6768] Ephemeral server handling POST request"}}
[info] >  1003.9999999999999 {"user":1003.9999999999999,"metadata":{"emulator":{"name":"functions"},"function":{"name":"us-central1-api"},"extension":{},"message":"\u001b[90m> \u001b[39m 1003.9999999999999"}}
[info] >  payment  request recieved=> 1003.9999999999999 {"user":"payment  request recieved=> 1003.9999999999999","metadata":{"emulator":{"name":"functions"},"function":{"name":"us-central1-api"},"extension":{},"message":"\u001b[90m> \u001b[39m payment  request recieved=> 1003.9999999999999"}}
[debug] [2022-09-01T09:50:55.869Z] [runtime-status] [6768] Ephemeral server survived. {"metadata":{"emulator":{"name":"functions"},"function":{"name":"us-central1-api"},"extension":{},"message":"[runtime-status] [6768] Ephemeral server survived."}}
[debug] [2022-09-01T09:50:55.884Z] [runtime-status] [3988] Ephemeral server handling POST request {"metadata":{"emulator":{"name":"functions"},"function":{"name":"us-central1-api"},"extension":{},"message":"[runtime-status] [3988] Ephemeral server handling POST request"}}
[info] >  1003.9999999999999 {"user":1003.9999999999999,"metadata":{"emulator":{"name":"functions"},"function":{"name":"us-central1-api"},"extension":{},"message":"\u001b[90m> \u001b[39m 1003.9999999999999"}}
[info] >  payment  request recieved=> 1003.9999999999999 {"user":"payment  request recieved=> 1003.9999999999999","metadata":{"emulator":{"name":"functions"},"function":{"name":"us-central1-api"},"extension":{},"message":"\u001b[90m> \u001b[39m payment  request recieved=> 1003.9999999999999"}}
[debug] [2022-09-01T09:50:55.908Z] [runtime-status] [3988] Ephemeral server survived. {"metadata":{"emulator":{"name":"functions"},"function":{"name":"us-central1-api"},"extension":{},"message":"[runtime-status] [3988] Ephemeral server survived."}}
[info] i  functions: Finished "api" in ~1s {"metadata":{"emulator":{"name":"functions"},"function":{"name":"us-central1-api"},"extension":{},"message":"Finished \"api\" in ~1s"}}
[debug] [2022-09-01T09:50:56.148Z] [worker-us-central1-api-d4a442a9-af79-43e6-b78f-5d66392868bf]: IDLE {"metadata":{"emulator":{"name":"functions"},"message":"[worker-us-central1-api-d4a442a9-af79-43e6-b78f-5d66392868bf]: IDLE"}}
[debug] [2022-09-01T09:50:56.148Z] [work-queue] {"queueLength":0,"workRunningCount":1}
[info] i  functions: Finished "api" in ~1s {"metadata":{"emulator":{"name":"functions"},"function":{"name":"us-central1-api"},"extension":{},"message":"Finished \"api\" in ~1s"}}
[debug] [2022-09-01T09:50:56.596Z] [worker-us-central1-api-bd6b2a27-84fb-4b6e-a2aa-b8731fe95306]: IDLE {"metadata":{"emulator":{"name":"functions"},"message":"[worker-us-central1-api-bd6b2a27-84fb-4b6e-a2aa-b8731fe95306]: IDLE"}}
[debug] [2022-09-01T09:50:56.596Z] [work-queue] {"queueLength":0,"workRunningCount":0}
[debug] [2022-09-01T13:04:35.415Z] [work-queue] {"queueLength":1,"workRunningCount":0}
[debug] [2022-09-01T13:04:35.416Z] [work-queue] {"queueLength":0,"workRunningCount":1}
[debug] [2022-09-01T13:04:35.416Z] Accepted request OPTIONS /clone-e51c6/us-central1/api/payments/create --> us-central1-api
[debug] [2022-09-01T13:04:35.417Z] [worker-pool] submitWork(triggerId=us-central1-api) {"metadata":{"emulator":{"name":"functions"},"message":"[worker-pool] submitWork(triggerId=us-central1-api)"}}
[debug] [2022-09-01T13:04:35.417Z] [worker-us-central1-api-d4a442a9-af79-43e6-b78f-5d66392868bf]: BUSY {"metadata":{"emulator":{"name":"functions"},"message":"[worker-us-central1-api-d4a442a9-af79-43e6-b78f-5d66392868bf]: BUSY"}}
[debug] [2022-09-01T13:04:35.422Z] [work-queue] {"queueLength":1,"workRunningCount":1}
[debug] [2022-09-01T13:04:35.423Z] [work-queue] {"queueLength":0,"workRunningCount":2}
[debug] [2022-09-01T13:04:35.423Z] Accepted request OPTIONS /clone-e51c6/us-central1/api/payments/create --> us-central1-api
[debug] [2022-09-01T13:04:35.423Z] [worker-pool] submitWork(triggerId=us-central1-api) {"metadata":{"emulator":{"name":"functions"},"message":"[worker-pool] submitWork(triggerId=us-central1-api)"}}
[debug] [2022-09-01T13:04:35.423Z] [worker-us-central1-api-bd6b2a27-84fb-4b6e-a2aa-b8731fe95306]: BUSY {"metadata":{"emulator":{"name":"functions"},"message":"[worker-us-central1-api-bd6b2a27-84fb-4b6e-a2aa-b8731fe95306]: BUSY"}}
[debug] [2022-09-01T13:04:35.426Z] [runtime-status] [6768] Beginning invocation function api! {"metadata":{"emulator":{"name":"functions"},"function":{"name":"us-central1-api"},"extension":{},"message":"[runtime-status] [6768] Beginning invocation function api!"}}
[info] i  functions: Beginning execution of "api" {"metadata":{"emulator":{"name":"functions"},"function":{"name":"us-central1-api"},"extension":{},"message":"Beginning execution of \"api\""}}
[debug] [2022-09-01T13:04:35.433Z] [runtime-status] [6768] Running api in signature http {"metadata":{"emulator":{"name":"functions"},"function":{"name":"us-central1-api"},"extension":{},"message":"[runtime-status] [6768] Running api in signature http"}}
[debug] [2022-09-01T13:04:35.434Z] [runtime-status] [6768] Listening to port: \\?\pipe\fire_emu_ed2203522f760763 {"metadata":{"emulator":{"name":"functions"},"function":{"name":"us-central1-api"},"extension":{},"message":"[runtime-status] [6768] Listening to port: \\\\?\\pipe\\fire_emu_ed2203522f760763"}}
[debug] [2022-09-01T13:04:35.435Z] [runtime-status] [3988] Beginning invocation function api! {"metadata":{"emulator":{"name":"functions"},"function":{"name":"us-central1-api"},"extension":{},"message":"[runtime-status] [3988] Beginning invocation function api!"}}
[info] i  functions: Beginning execution of "api" {"metadata":{"emulator":{"name":"functions"},"function":{"name":"us-central1-api"},"extension":{},"message":"Beginning execution of \"api\""}}
[debug] [2022-09-01T13:04:35.436Z] [runtime-status] [3988] Running api in signature http {"metadata":{"emulator":{"name":"functions"},"function":{"name":"us-central1-api"},"extension":{},"message":"[runtime-status] [3988] Running api in signature http"}}
[debug] [2022-09-01T13:04:35.437Z] [runtime-status] [3988] Listening to port: \\?\pipe\fire_emu_611fc1e1aebda9d2 {"metadata":{"emulator":{"name":"functions"},"function":{"name":"us-central1-api"},"extension":{},"message":"[runtime-status] [3988] Listening to port: \\\\?\\pipe\\fire_emu_611fc1e1aebda9d2"}}
[debug] [2022-09-01T13:04:35.546Z] [functions] Runtime ready! Sending request! {"metadata":{"emulator":{"name":"functions"},"message":"[functions] Runtime ready! Sending request!"}}
[debug] [2022-09-01T13:04:35.547Z] [functions] Got req.url=/clone-e51c6/us-central1/api/payments/create, mapping to path=/payments/create {"metadata":{"emulator":{"name":"functions"},"message":"[functions] Got req.url=/clone-e51c6/us-central1/api/payments/create, mapping to path=/payments/create"}}
[debug] [2022-09-01T13:04:35.554Z] [functions] Runtime ready! Sending request! {"metadata":{"emulator":{"name":"functions"},"message":"[functions] Runtime ready! Sending request!"}}
[debug] [2022-09-01T13:04:35.555Z] [functions] Got req.url=/clone-e51c6/us-central1/api/payments/create, mapping to path=/payments/create {"metadata":{"emulator":{"name":"functions"},"message":"[functions] Got req.url=/clone-e51c6/us-central1/api/payments/create, mapping to path=/payments/create"}}
[debug] [2022-09-01T13:04:35.556Z] [runtime-status] [6768] Ephemeral server handling OPTIONS request {"metadata":{"emulator":{"name":"functions"},"function":{"name":"us-central1-api"},"extension":{},"message":"[runtime-status] [6768] Ephemeral server handling OPTIONS request"}}
[debug] [2022-09-01T13:04:35.557Z] [runtime-status] [6768] Ephemeral server survived. {"metadata":{"emulator":{"name":"functions"},"function":{"name":"us-central1-api"},"extension":{},"message":"[runtime-status] [6768] Ephemeral server survived."}}
[debug] [2022-09-01T13:04:35.560Z] [runtime-status] [3988] Ephemeral server handling OPTIONS request {"metadata":{"emulator":{"name":"functions"},"function":{"name":"us-central1-api"},"extension":{},"message":"[runtime-status] [3988] Ephemeral server handling OPTIONS request"}}
[debug] [2022-09-01T13:04:35.560Z] [runtime-status] [3988] Ephemeral server survived. {"metadata":{"emulator":{"name":"functions"},"function":{"name":"us-central1-api"},"extension":{},"message":"[runtime-status] [3988] Ephemeral server survived."}}
[info] i  functions: Finished "api" in ~1s {"metadata":{"emulator":{"name":"functions"},"function":{"name":"us-central1-api"},"extension":{},"message":"Finished \"api\" in ~1s"}}
[debug] [2022-09-01T13:04:35.563Z] [worker-us-central1-api-d4a442a9-af79-43e6-b78f-5d66392868bf]: IDLE {"metadata":{"emulator":{"name":"functions"},"message":"[worker-us-central1-api-d4a442a9-af79-43e6-b78f-5d66392868bf]: IDLE"}}
[debug] [2022-09-01T13:04:35.563Z] [work-queue] {"queueLength":0,"workRunningCount":1}
[info] i  functions: Finished "api" in ~1s {"metadata":{"emulator":{"name":"functions"},"function":{"name":"us-central1-api"},"extension":{},"message":"Finished \"api\" in ~1s"}}
[debug] [2022-09-01T13:04:35.565Z] [worker-us-central1-api-bd6b2a27-84fb-4b6e-a2aa-b8731fe95306]: IDLE {"metadata":{"emulator":{"name":"functions"},"message":"[worker-us-central1-api-bd6b2a27-84fb-4b6e-a2aa-b8731fe95306]: IDLE"}}
[debug] [2022-09-01T13:04:35.566Z] [work-queue] {"queueLength":0,"workRunningCount":0}
[debug] [2022-09-01T13:04:35.568Z] [work-queue] {"queueLength":1,"workRunningCount":0}
[debug] [2022-09-01T13:04:35.569Z] [work-queue] {"queueLength":0,"workRunningCount":1}
[debug] [2022-09-01T13:04:35.569Z] Accepted request POST /clone-e51c6/us-central1/api/payments/create --> us-central1-api
[debug] [2022-09-01T13:04:35.569Z] [worker-pool] submitWork(triggerId=us-central1-api) {"metadata":{"emulator":{"name":"functions"},"message":"[worker-pool] submitWork(triggerId=us-central1-api)"}}
[debug] [2022-09-01T13:04:35.571Z] [worker-us-central1-api-d4a442a9-af79-43e6-b78f-5d66392868bf]: BUSY {"metadata":{"emulator":{"name":"functions"},"message":"[worker-us-central1-api-d4a442a9-af79-43e6-b78f-5d66392868bf]: BUSY"}}
[debug] [2022-09-01T13:04:35.573Z] [work-queue] {"queueLength":1,"workRunningCount":1}
[debug] [2022-09-01T13:04:35.574Z] [work-queue] {"queueLength":0,"workRunningCount":2}
[debug] [2022-09-01T13:04:35.574Z] Accepted request POST /clone-e51c6/us-central1/api/payments/create --> us-central1-api
[debug] [2022-09-01T13:04:35.574Z] [worker-pool] submitWork(triggerId=us-central1-api) {"metadata":{"emulator":{"name":"functions"},"message":"[worker-pool] submitWork(triggerId=us-central1-api)"}}
[debug] [2022-09-01T13:04:35.574Z] [worker-us-central1-api-bd6b2a27-84fb-4b6e-a2aa-b8731fe95306]: BUSY {"metadata":{"emulator":{"name":"functions"},"message":"[worker-us-central1-api-bd6b2a27-84fb-4b6e-a2aa-b8731fe95306]: BUSY"}}
[debug] [2022-09-01T13:04:35.576Z] [runtime-status] [6768] Beginning invocation function api! {"metadata":{"emulator":{"name":"functions"},"function":{"name":"us-central1-api"},"extension":{},"message":"[runtime-status] [6768] Beginning invocation function api!"}}
[info] i  functions: Beginning execution of "api" {"metadata":{"emulator":{"name":"functions"},"function":{"name":"us-central1-api"},"extension":{},"message":"Beginning execution of \"api\""}}
[debug] [2022-09-01T13:04:35.578Z] [runtime-status] [6768] Running api in signature http {"metadata":{"emulator":{"name":"functions"},"function":{"name":"us-central1-api"},"extension":{},"message":"[runtime-status] [6768] Running api in signature http"}}
[debug] [2022-09-01T13:04:35.579Z] [runtime-status] [6768] Listening to port: \\?\pipe\fire_emu_ed2203522f760763 {"metadata":{"emulator":{"name":"functions"},"function":{"name":"us-central1-api"},"extension":{},"message":"[runtime-status] [6768] Listening to port: \\\\?\\pipe\\fire_emu_ed2203522f760763"}}
[debug] [2022-09-01T13:04:35.580Z] [runtime-status] [3988] Beginning invocation function api! {"metadata":{"emulator":{"name":"functions"},"function":{"name":"us-central1-api"},"extension":{},"message":"[runtime-status] [3988] Beginning invocation function api!"}}
[info] i  functions: Beginning execution of "api" {"metadata":{"emulator":{"name":"functions"},"function":{"name":"us-central1-api"},"extension":{},"message":"Beginning execution of \"api\""}}
[debug] [2022-09-01T13:04:35.582Z] [runtime-status] [3988] Running api in signature http {"metadata":{"emulator":{"name":"functions"},"function":{"name":"us-central1-api"},"extension":{},"message":"[runtime-status] [3988] Running api in signature http"}}
[debug] [2022-09-01T13:04:35.582Z] [runtime-status] [3988] Listening to port: \\?\pipe\fire_emu_611fc1e1aebda9d2 {"metadata":{"emulator":{"name":"functions"},"function":{"name":"us-central1-api"},"extension":{},"message":"[runtime-status] [3988] Listening to port: \\\\?\\pipe\\fire_emu_611fc1e1aebda9d2"}}
[debug] [2022-09-01T13:04:35.689Z] [functions] Runtime ready! Sending request! {"metadata":{"emulator":{"name":"functions"},"message":"[functions] Runtime ready! Sending request!"}}
[debug] [2022-09-01T13:04:35.689Z] [functions] Got req.url=/clone-e51c6/us-central1/api/payments/create, mapping to path=/payments/create {"metadata":{"emulator":{"name":"functions"},"message":"[functions] Got req.url=/clone-e51c6/us-central1/api/payments/create, mapping to path=/payments/create"}}
[debug] [2022-09-01T13:04:35.695Z] [functions] Runtime ready! Sending request! {"metadata":{"emulator":{"name":"functions"},"message":"[functions] Runtime ready! Sending request!"}}
[debug] [2022-09-01T13:04:35.695Z] [functions] Got req.url=/clone-e51c6/us-central1/api/payments/create, mapping to path=/payments/create {"metadata":{"emulator":{"name":"functions"},"message":"[functions] Got req.url=/clone-e51c6/us-central1/api/payments/create, mapping to path=/payments/create"}}
[debug] [2022-09-01T13:04:35.700Z] [runtime-status] [6768] Ephemeral server handling POST request {"metadata":{"emulator":{"name":"functions"},"function":{"name":"us-central1-api"},"extension":{},"message":"[runtime-status] [6768] Ephemeral server handling POST request"}}
[info] >  1003.9999999999999 {"user":1003.9999999999999,"metadata":{"emulator":{"name":"functions"},"function":{"name":"us-central1-api"},"extension":{},"message":"\u001b[90m> \u001b[39m 1003.9999999999999"}}
[info] >  payment  request recieved=> 1003.9999999999999 {"user":"payment  request recieved=> 1003.9999999999999","metadata":{"emulator":{"name":"functions"},"function":{"name":"us-central1-api"},"extension":{},"message":"\u001b[90m> \u001b[39m payment  request recieved=> 1003.9999999999999"}}
[debug] [2022-09-01T13:04:35.709Z] [runtime-status] [3988] Ephemeral server handling POST request {"metadata":{"emulator":{"name":"functions"},"function":{"name":"us-central1-api"},"extension":{},"message":"[runtime-status] [3988] Ephemeral server handling POST request"}}
[debug] [2022-09-01T13:04:35.709Z] [runtime-status] [3988] Ephemeral server survived. {"metadata":{"emulator":{"name":"functions"},"function":{"name":"us-central1-api"},"extension":{},"message":"[runtime-status] [3988] Ephemeral server survived."}}
[info] >  1003.9999999999999 {"user":1003.9999999999999,"metadata":{"emulator":{"name":"functions"},"function":{"name":"us-central1-api"},"extension":{},"message":"\u001b[90m> \u001b[39m 1003.9999999999999"}}
[info] >  payment  request recieved=> 1003.9999999999999 {"user":"payment  request recieved=> 1003.9999999999999","metadata":{"emulator":{"name":"functions"},"function":{"name":"us-central1-api"},"extension":{},"message":"\u001b[90m> \u001b[39m payment  request recieved=> 1003.9999999999999"}}
[debug] [2022-09-01T13:04:35.713Z] [runtime-status] [6768] Ephemeral server survived. {"metadata":{"emulator":{"name":"functions"},"function":{"name":"us-central1-api"},"extension":{},"message":"[runtime-status] [6768] Ephemeral server survived."}}
[debug] [2022-09-01T13:04:49.302Z] [work-queue] {"queueLength":1,"workRunningCount":2}
[debug] [2022-09-01T13:04:49.303Z] [work-queue] {"queueLength":0,"workRunningCount":3}
[debug] [2022-09-01T13:04:49.303Z] Accepted request OPTIONS /clone-e51c6/us-central1/api/payments/create --> us-central1-api
[debug] [2022-09-01T13:04:49.347Z] [worker-pool] addWorker(us-central1-api) {"metadata":{"emulator":{"name":"functions"},"message":"[worker-pool] addWorker(us-central1-api)"}}
[debug] [2022-09-01T13:04:49.350Z] [worker-pool] Adding worker with key us-central1-api, total=3 {"metadata":{"emulator":{"name":"functions"},"message":"[worker-pool] Adding worker with key us-central1-api, total=3"}}
[debug] [2022-09-01T13:04:49.350Z] [worker-pool] submitWork(triggerId=us-central1-api) {"metadata":{"emulator":{"name":"functions"},"message":"[worker-pool] submitWork(triggerId=us-central1-api)"}}
[debug] [2022-09-01T13:04:49.351Z] [worker-us-central1-api-b5c5afe5-7f4f-4ef4-b4c0-71dc464ad251]: BUSY {"metadata":{"emulator":{"name":"functions"},"message":"[worker-us-central1-api-b5c5afe5-7f4f-4ef4-b4c0-71dc464ad251]: BUSY"}}
[debug] [2022-09-01T13:04:49.622Z] [work-queue] {"queueLength":1,"workRunningCount":3}
[debug] [2022-09-01T13:04:49.623Z] [work-queue] {"queueLength":0,"workRunningCount":4}
[debug] [2022-09-01T13:04:49.623Z] Accepted request OPTIONS /clone-e51c6/us-central1/api/payments/create --> us-central1-api
[debug] [2022-09-01T13:04:49.634Z] [worker-pool] addWorker(us-central1-api) {"metadata":{"emulator":{"name":"functions"},"message":"[worker-pool] addWorker(us-central1-api)"}}
[debug] [2022-09-01T13:04:49.634Z] [worker-pool] Adding worker with key us-central1-api, total=4 {"metadata":{"emulator":{"name":"functions"},"message":"[worker-pool] Adding worker with key us-central1-api, total=4"}}
[debug] [2022-09-01T13:04:49.634Z] [worker-pool] submitWork(triggerId=us-central1-api) {"metadata":{"emulator":{"name":"functions"},"message":"[worker-pool] submitWork(triggerId=us-central1-api)"}}
[debug] [2022-09-01T13:04:49.635Z] [worker-us-central1-api-83da3b0b-70fc-46c6-ad86-481bcb0c3ccd]: BUSY {"metadata":{"emulator":{"name":"functions"},"message":"[worker-us-central1-api-83da3b0b-70fc-46c6-ad86-481bcb0c3ccd]: BUSY"}}
[info] i  functions: Finished "api" in ~15s {"metadata":{"emulator":{"name":"functions"},"function":{"name":"us-central1-api"},"extension":{},"message":"Finished \"api\" in ~15s"}}
[debug] [2022-09-01T13:04:50.930Z] [worker-us-central1-api-d4a442a9-af79-43e6-b78f-5d66392868bf]: IDLE {"metadata":{"emulator":{"name":"functions"},"message":"[worker-us-central1-api-d4a442a9-af79-43e6-b78f-5d66392868bf]: IDLE"}}
[debug] [2022-09-01T13:04:50.931Z] [work-queue] {"queueLength":0,"workRunningCount":3}
[info] i  functions: Finished "api" in ~15s {"metadata":{"emulator":{"name":"functions"},"function":{"name":"us-central1-api"},"extension":{},"message":"Finished \"api\" in ~15s"}}
[debug] [2022-09-01T13:04:51.036Z] [worker-us-central1-api-bd6b2a27-84fb-4b6e-a2aa-b8731fe95306]: IDLE {"metadata":{"emulator":{"name":"functions"},"message":"[worker-us-central1-api-bd6b2a27-84fb-4b6e-a2aa-b8731fe95306]: IDLE"}}
[debug] [2022-09-01T13:04:51.037Z] [work-queue] {"queueLength":0,"workRunningCount":2}
[debug] FirebaseError: Failed to load function.
    at Timeout._onTimeout (C:\Users\abc\AppData\Roaming\npm\node_modules\firebase-tools\lib\emulator\functionsRuntimeWorker.js:104:24)
    at listOnTimeout (node:internal/timers:557:17)
    at processTimers (node:internal/timers:500:7) {"metadata":{"emulator":{"name":"functions"},"message":{"name":"FirebaseError","children":[],"exit":1,"message":"Failed to load function.","status":500}}}
[debug] [2022-09-01T13:04:56.457Z] [work-queue] {"queueLength":0,"workRunningCount":1}
[debug] FirebaseError: Failed to load function.
    at Timeout._onTimeout (C:\Users\abc\AppData\Roaming\npm\node_modules\firebase-tools\lib\emulator\functionsRuntimeWorker.js:104:24)
    at listOnTimeout (node:internal/timers:557:17)
    at processTimers (node:internal/timers:500:7) {"metadata":{"emulator":{"name":"functions"},"message":{"name":"FirebaseError","children":[],"exit":1,"message":"Failed to load function.","status":500}}}
[debug] [2022-09-01T13:04:56.646Z] [work-queue] {"queueLength":0,"workRunningCount":0}
[debug] [2022-09-01T13:05:28.153Z] [runtime-status] [12120] Resolved module firebase-admin {"declared":true,"installed":true,"version":"10.3.0","resolution":"E:\\Amazon by ankit\\amazon-clone\\functions\\node_modules\\firebase-admin\\lib\\index.js"} {"metadata":{"emulator":{"name":"functions"},"function":{"name":"us-central1-api"},"extension":{},"message":"[runtime-status] [12120] Resolved module firebase-admin {\"declared\":true,\"installed\":true,\"version\":\"10.3.0\",\"resolution\":\"E:\\\\Amazon by ankit\\\\amazon-clone\\\\functions\\\\node_modules\\\\firebase-admin\\\\lib\\\\index.js\"}"}}
[debug] [2022-09-01T13:05:28.154Z] [runtime-status] [17764] Resolved module firebase-admin {"declared":true,"installed":true,"version":"10.3.0","resolution":"E:\\Amazon by ankit\\amazon-clone\\functions\\node_modules\\firebase-admin\\lib\\index.js"} {"metadata":{"emulator":{"name":"functions"},"function":{"name":"us-central1-api"},"extension":{},"message":"[runtime-status] [17764] Resolved module firebase-admin {\"declared\":true,\"installed\":true,\"version\":\"10.3.0\",\"resolution\":\"E:\\\\Amazon by ankit\\\\amazon-clone\\\\functions\\\\node_modules\\\\firebase-admin\\\\lib\\\\index.js\"}"}}
[debug] [2022-09-01T13:05:28.157Z] [runtime-status] [17764] Resolved module firebase-functions {"declared":true,"installed":true,"version":"3.22.0","resolution":"E:\\Amazon by ankit\\amazon-clone\\functions\\node_modules\\firebase-functions\\lib\\index.js"} {"metadata":{"emulator":{"name":"functions"},"function":{"name":"us-central1-api"},"extension":{},"message":"[runtime-status] [17764] Resolved module firebase-functions {\"declared\":true,\"installed\":true,\"version\":\"3.22.0\",\"resolution\":\"E:\\\\Amazon by ankit\\\\amazon-clone\\\\functions\\\\node_modules\\\\firebase-functions\\\\lib\\\\index.js\"}"}}
[debug] [2022-09-01T13:05:28.158Z] [runtime-status] [12120] Resolved module firebase-functions {"declared":true,"installed":true,"version":"3.22.0","resolution":"E:\\Amazon by ankit\\amazon-clone\\functions\\node_modules\\firebase-functions\\lib\\index.js"} {"metadata":{"emulator":{"name":"functions"},"function":{"name":"us-central1-api"},"extension":{},"message":"[runtime-status] [12120] Resolved module firebase-functions {\"declared\":true,\"installed\":true,\"version\":\"3.22.0\",\"resolution\":\"E:\\\\Amazon by ankit\\\\amazon-clone\\\\functions\\\\node_modules\\\\firebase-functions\\\\lib\\\\index.js\"}"}}
[debug] [2022-09-01T13:05:28.159Z] [runtime-status] [12120] Outgoing network have been stubbed. [{"name":"http","status":"mocked"},{"name":"http","status":"mocked"},{"name":"https","status":"mocked"},{"name":"https","status":"mocked"},{"name":"net","status":"mocked"}] {"metadata":{"emulator":{"name":"functions"},"function":{"name":"us-central1-api"},"extension":{},"message":"[runtime-status] [12120] Outgoing network have been stubbed. [{\"name\":\"http\",\"status\":\"mocked\"},{\"name\":\"http\",\"status\":\"mocked\"},{\"name\":\"https\",\"status\":\"mocked\"},{\"name\":\"https\",\"status\":\"mocked\"},{\"name\":\"net\",\"status\":\"mocked\"}]"}}
[debug] [2022-09-01T13:05:28.159Z] [runtime-status] [17764] Outgoing network have been stubbed. [{"name":"http","status":"mocked"},{"name":"http","status":"mocked"},{"name":"https","status":"mocked"},{"name":"https","status":"mocked"},{"name":"net","status":"mocked"}] {"metadata":{"emulator":{"name":"functions"},"function":{"name":"us-central1-api"},"extension":{},"message":"[runtime-status] [17764] Outgoing network have been stubbed. [{\"name\":\"http\",\"status\":\"mocked\"},{\"name\":\"http\",\"status\":\"mocked\"},{\"name\":\"https\",\"status\":\"mocked\"},{\"name\":\"https\",\"status\":\"mocked\"},{\"name\":\"net\",\"status\":\"mocked\"}]"}}
[debug] [2022-09-01T13:05:28.163Z] [runtime-status] [12120] Resolved module firebase-functions {"declared":true,"installed":true,"version":"3.22.0","resolution":"E:\\Amazon by ankit\\amazon-clone\\functions\\node_modules\\firebase-functions\\lib\\index.js"} {"metadata":{"emulator":{"name":"functions"},"function":{"name":"us-central1-api"},"extension":{},"message":"[runtime-status] [12120] Resolved module firebase-functions {\"declared\":true,\"installed\":true,\"version\":\"3.22.0\",\"resolution\":\"E:\\\\Amazon by ankit\\\\amazon-clone\\\\functions\\\\node_modules\\\\firebase-functions\\\\lib\\\\index.js\"}"}}
[debug] [2022-09-01T13:05:28.164Z] [runtime-status] [17764] Resolved module firebase-functions {"declared":true,"installed":true,"version":"3.22.0","resolution":"E:\\Amazon by ankit\\amazon-clone\\functions\\node_modules\\firebase-functions\\lib\\index.js"} {"metadata":{"emulator":{"name":"functions"},"function":{"name":"us-central1-api"},"extension":{},"message":"[runtime-status] [17764] Resolved module firebase-functions {\"declared\":true,\"installed\":true,\"version\":\"3.22.0\",\"resolution\":\"E:\\\\Amazon by ankit\\\\amazon-clone\\\\functions\\\\node_modules\\\\firebase-functions\\\\lib\\\\index.js\"}"}}
[debug] [2022-09-01T13:05:29.267Z] [runtime-status] [12120] Checked functions.config() {"config":{}} {"metadata":{"emulator":{"name":"functions"},"function":{"name":"us-central1-api"},"extension":{},"message":"[runtime-status] [12120] Checked functions.config() {\"config\":{}}"}}
[debug] [2022-09-01T13:05:29.268Z] [runtime-status] [17764] Checked functions.config() {"config":{}} {"metadata":{"emulator":{"name":"functions"},"function":{"name":"us-central1-api"},"extension":{},"message":"[runtime-status] [17764] Checked functions.config() {\"config\":{}}"}}
[debug] [2022-09-01T13:05:29.268Z] [runtime-status] [17764] firebase-functions has been stubbed. {"functionsResolution":{"declared":true,"installed":true,"version":"3.22.0","resolution":"E:\\Amazon by ankit\\amazon-clone\\functions\\node_modules\\firebase-functions\\lib\\index.js"}} {"metadata":{"emulator":{"name":"functions"},"function":{"name":"us-central1-api"},"extension":{},"message":"[runtime-status] [17764] firebase-functions has been stubbed. {\"functionsResolution\":{\"declared\":true,\"installed\":true,\"version\":\"3.22.0\",\"resolution\":\"E:\\\\Amazon by ankit\\\\amazon-clone\\\\functions\\\\node_modules\\\\firebase-functions\\\\lib\\\\index.js\"}}"}}
[debug] [2022-09-01T13:05:29.269Z] [runtime-status] [12120] firebase-functions has been stubbed. {"functionsResolution":{"declared":true,"installed":true,"version":"3.22.0","resolution":"E:\\Amazon by ankit\\amazon-clone\\functions\\node_modules\\firebase-functions\\lib\\index.js"}} {"metadata":{"emulator":{"name":"functions"},"function":{"name":"us-central1-api"},"extension":{},"message":"[runtime-status] [12120] firebase-functions has been stubbed. {\"functionsResolution\":{\"declared\":true,\"installed\":true,\"version\":\"3.22.0\",\"resolution\":\"E:\\\\Amazon by ankit\\\\amazon-clone\\\\functions\\\\node_modules\\\\firebase-functions\\\\lib\\\\index.js\"}}"}}
[debug] [2022-09-01T13:05:29.271Z] [runtime-status] [17764] Resolved module firebase-functions {"declared":true,"installed":true,"version":"3.22.0","resolution":"E:\\Amazon by ankit\\amazon-clone\\functions\\node_modules\\firebase-functions\\lib\\index.js"} {"metadata":{"emulator":{"name":"functions"},"function":{"name":"us-central1-api"},"extension":{},"message":"[runtime-status] [17764] Resolved module firebase-functions {\"declared\":true,\"installed\":true,\"version\":\"3.22.0\",\"resolution\":\"E:\\\\Amazon by ankit\\\\amazon-clone\\\\functions\\\\node_modules\\\\firebase-functions\\\\lib\\\\index.js\"}"}}
[debug] [2022-09-01T13:05:29.279Z] [runtime-status] [12120] Resolved module firebase-functions {"declared":true,"installed":true,"version":"3.22.0","resolution":"E:\\Amazon by ankit\\amazon-clone\\functions\\node_modules\\firebase-functions\\lib\\index.js"} {"metadata":{"emulator":{"name":"functions"},"function":{"name":"us-central1-api"},"extension":{},"message":"[runtime-status] [12120] Resolved module firebase-functions {\"declared\":true,\"installed\":true,\"version\":\"3.22.0\",\"resolution\":\"E:\\\\Amazon by ankit\\\\amazon-clone\\\\functions\\\\node_modules\\\\firebase-functions\\\\lib\\\\index.js\"}"}}
[debug] [2022-09-01T13:05:29.283Z] [runtime-status] [17764] Resolved module firebase-admin {"declared":true,"installed":true,"version":"10.3.0","resolution":"E:\\Amazon by ankit\\amazon-clone\\functions\\node_modules\\firebase-admin\\lib\\index.js"} {"metadata":{"emulator":{"name":"functions"},"function":{"name":"us-central1-api"},"extension":{},"message":"[runtime-status] [17764] Resolved module firebase-admin {\"declared\":true,\"installed\":true,\"version\":\"10.3.0\",\"resolution\":\"E:\\\\Amazon by ankit\\\\amazon-clone\\\\functions\\\\node_modules\\\\firebase-admin\\\\lib\\\\index.js\"}"}}
[debug] [2022-09-01T13:05:29.288Z] [runtime-status] [12120] Resolved module firebase-admin {"declared":true,"installed":true,"version":"10.3.0","resolution":"E:\\Amazon by ankit\\amazon-clone\\functions\\node_modules\\firebase-admin\\lib\\index.js"} {"metadata":{"emulator":{"name":"functions"},"function":{"name":"us-central1-api"},"extension":{},"message":"[runtime-status] [12120] Resolved module firebase-admin {\"declared\":true,\"installed\":true,\"version\":\"10.3.0\",\"resolution\":\"E:\\\\Amazon by ankit\\\\amazon-clone\\\\functions\\\\node_modules\\\\firebase-admin\\\\lib\\\\index.js\"}"}}
[debug] [2022-09-01T13:05:29.293Z] [runtime-status] [17764] Resolved module firebase-functions {"declared":true,"installed":true,"version":"3.22.0","resolution":"E:\\Amazon by ankit\\amazon-clone\\functions\\node_modules\\firebase-functions\\lib\\index.js"} {"metadata":{"emulator":{"name":"functions"},"function":{"name":"us-central1-api"},"extension":{},"message":"[runtime-status] [17764] Resolved module firebase-functions {\"declared\":true,\"installed\":true,\"version\":\"3.22.0\",\"resolution\":\"E:\\\\Amazon by ankit\\\\amazon-clone\\\\functions\\\\node_modules\\\\firebase-functions\\\\lib\\\\index.js\"}"}}
[debug] [2022-09-01T13:05:29.294Z] [runtime-status] [17764] firebase-admin has been stubbed. {"adminResolution":{"declared":true,"installed":true,"version":"10.3.0","resolution":"E:\\Amazon by ankit\\amazon-clone\\functions\\node_modules\\firebase-admin\\lib\\index.js"}} {"metadata":{"emulator":{"name":"functions"},"function":{"name":"us-central1-api"},"extension":{},"message":"[runtime-status] [17764] firebase-admin has been stubbed. {\"adminResolution\":{\"declared\":true,\"installed\":true,\"version\":\"10.3.0\",\"resolution\":\"E:\\\\Amazon by ankit\\\\amazon-clone\\\\functions\\\\node_modules\\\\firebase-admin\\\\lib\\\\index.js\"}}"}}
[debug] [2022-09-01T13:05:29.295Z] [runtime-status] [17764] Functions runtime initialized. {"cwd":"E:\\Amazon by ankit\\amazon-clone\\functions","node_version":"16.13.2"} {"metadata":{"emulator":{"name":"functions"},"function":{"name":"us-central1-api"},"extension":{},"message":"[runtime-status] [17764] Functions runtime initialized. {\"cwd\":\"E:\\\\Amazon by ankit\\\\amazon-clone\\\\functions\",\"node_version\":\"16.13.2\"}"}}
[debug] [2022-09-01T13:05:29.296Z] [runtime-status] [12120] Resolved module firebase-functions {"declared":true,"installed":true,"version":"3.22.0","resolution":"E:\\Amazon by ankit\\amazon-clone\\functions\\node_modules\\firebase-functions\\lib\\index.js"} {"metadata":{"emulator":{"name":"functions"},"function":{"name":"us-central1-api"},"extension":{},"message":"[runtime-status] [12120] Resolved module firebase-functions {\"declared\":true,\"installed\":true,\"version\":\"3.22.0\",\"resolution\":\"E:\\\\Amazon by ankit\\\\amazon-clone\\\\functions\\\\node_modules\\\\firebase-functions\\\\lib\\\\index.js\"}"}}
[debug] [2022-09-01T13:05:29.297Z] [runtime-status] [12120] firebase-admin has been stubbed. {"adminResolution":{"declared":true,"installed":true,"version":"10.3.0","resolution":"E:\\Amazon by ankit\\amazon-clone\\functions\\node_modules\\firebase-admin\\lib\\index.js"}} {"metadata":{"emulator":{"name":"functions"},"function":{"name":"us-central1-api"},"extension":{},"message":"[runtime-status] [12120] firebase-admin has been stubbed. {\"adminResolution\":{\"declared\":true,\"installed\":true,\"version\":\"10.3.0\",\"resolution\":\"E:\\\\Amazon by ankit\\\\amazon-clone\\\\functions\\\\node_modules\\\\firebase-admin\\\\lib\\\\index.js\"}}"}}
[debug] [2022-09-01T13:05:29.299Z] [runtime-status] [12120] Functions runtime initialized. {"cwd":"E:\\Amazon by ankit\\amazon-clone\\functions","node_version":"16.13.2"} {"metadata":{"emulator":{"name":"functions"},"function":{"name":"us-central1-api"},"extension":{},"message":"[runtime-status] [12120] Functions runtime initialized. {\"cwd\":\"E:\\\\Amazon by ankit\\\\amazon-clone\\\\functions\",\"node_version\":\"16.13.2\"}"}}
[debug] [2022-09-01T13:05:34.977Z] [runtime-status] [12120] Beginning invocation function api! {"metadata":{"emulator":{"name":"functions"},"function":{"name":"us-central1-api"},"extension":{},"message":"[runtime-status] [12120] Beginning invocation function api!"}}
[debug] [2022-09-01T13:05:34.978Z] [runtime-status] [17764] Beginning invocation function api! {"metadata":{"emulator":{"name":"functions"},"function":{"name":"us-central1-api"},"extension":{},"message":"[runtime-status] [17764] Beginning invocation function api!"}}
[info] i  functions: Beginning execution of "api" {"metadata":{"emulator":{"name":"functions"},"function":{"name":"us-central1-api"},"extension":{},"message":"Beginning execution of \"api\""}}
[debug] [2022-09-01T13:05:34.981Z] [runtime-status] [17764] Running api in signature http {"metadata":{"emulator":{"name":"functions"},"function":{"name":"us-central1-api"},"extension":{},"message":"[runtime-status] [17764] Running api in signature http"}}
[info] i  functions: Beginning execution of "api" {"metadata":{"emulator":{"name":"functions"},"function":{"name":"us-central1-api"},"extension":{},"message":"Beginning execution of \"api\""}}
[debug] [2022-09-01T13:05:34.983Z] [runtime-status] [12120] Running api in signature http {"metadata":{"emulator":{"name":"functions"},"function":{"name":"us-central1-api"},"extension":{},"message":"[runtime-status] [12120] Running api in signature http"}}
[debug] [2022-09-01T13:05:35.017Z] [runtime-status] [17764] Listening to port: \\?\pipe\fire_emu_5057b1886f155088 {"metadata":{"emulator":{"name":"functions"},"function":{"name":"us-central1-api"},"extension":{},"message":"[runtime-status] [17764] Listening to port: \\\\?\\pipe\\fire_emu_5057b1886f155088"}}
[debug] [2022-09-01T13:05:35.021Z] [runtime-status] [12120] Listening to port: \\?\pipe\fire_emu_02ca0fbf880604ea {"metadata":{"emulator":{"name":"functions"},"function":{"name":"us-central1-api"},"extension":{},"message":"[runtime-status] [12120] Listening to port: \\\\?\\pipe\\fire_emu_02ca0fbf880604ea"}}
[warn] !  functions: Your function timed out after ~60s. To configure this timeout, see
      https://firebase.google.com/docs/functions/manage-functions#set_timeout_and_memory_allocation. {"metadata":{"emulator":{"name":"functions"},"function":{"name":"us-central1-api"},"extension":{},"message":"Your function timed out after ~60s. To configure this timeout, see\n      https://firebase.google.com/docs/functions/manage-functions#set_timeout_and_memory_allocation."}}
[warn] !  functions: Your function timed out after ~60s. To configure this timeout, see
      https://firebase.google.com/docs/functions/manage-functions#set_timeout_and_memory_allocation. {"metadata":{"emulator":{"name":"functions"},"function":{"name":"us-central1-api"},"extension":{},"message":"Your function timed out after ~60s. To configure this timeout, see\n      https://firebase.google.com/docs/functions/manage-functions#set_timeout_and_memory_allocation."}}
[info] >  C:\Users\abc\AppData\Roaming\npm\node_modules\firebase-tools\lib\emulator\functionsEmulatorRuntime.js:635 {"user":"C:\\Users\\abc\\AppData\\Roaming\\npm\\node_modules\\firebase-tools\\lib\\emulator\\functionsEmulatorRuntime.js:635\r","metadata":{"emulator":{"name":"functions"},"function":{"name":"us-central1-api"},"extension":{},"message":"\u001b[90m> \u001b[39m C:\\Users\\abc\\AppData\\Roaming\\npm\\node_modules\\firebase-tools\\lib\\emulator\\functionsEmulatorRuntime.js:635\r"}}
[info] >              throw new Error("Function timed out."); {"user":"            throw new Error(\"Function timed out.\");\r","metadata":{"emulator":{"name":"functions"},"function":{"name":"us-central1-api"},"extension":{},"message":"\u001b[90m> \u001b[39m             throw new Error(\"Function timed out.\");\r"}}
[info] >              ^ {"user":"            ^\r","metadata":{"emulator":{"name":"functions"},"function":{"name":"us-central1-api"},"extension":{},"message":"\u001b[90m> \u001b[39m             ^\r"}}
[info] >   {"user":"\r","metadata":{"emulator":{"name":"functions"},"function":{"name":"us-central1-api"},"extension":{},"message":"\u001b[90m> \u001b[39m \r"}}
[info] >  Error: Function timed out. {"user":"Error: Function timed out.\r","metadata":{"emulator":{"name":"functions"},"function":{"name":"us-central1-api"},"extension":{},"message":"\u001b[90m> \u001b[39m Error: Function timed out.\r"}}
[info] >      at Timeout._onTimeout (C:\Users\abc\AppData\Roaming\npm\node_modules\firebase-tools\lib\emulator\functionsEmulatorRuntime.js:635:19) {"user":"    at Timeout._onTimeout (C:\\Users\\abc\\AppData\\Roaming\\npm\\node_modules\\firebase-tools\\lib\\emulator\\functionsEmulatorRuntime.js:635:19)\r","metadata":{"emulator":{"name":"functions"},"function":{"name":"us-central1-api"},"extension":{},"message":"\u001b[90m> \u001b[39m     at Timeout._onTimeout (C:\\Users\\abc\\AppData\\Roaming\\npm\\node_modules\\firebase-tools\\lib\\emulator\\functionsEmulatorRuntime.js:635:19)\r"}}
[info] >      at listOnTimeout (node:internal/timers:557:17) {"user":"    at listOnTimeout (node:internal/timers:557:17)\r","metadata":{"emulator":{"name":"functions"},"function":{"name":"us-central1-api"},"extension":{},"message":"\u001b[90m> \u001b[39m     at listOnTimeout (node:internal/timers:557:17)\r"}}
[info] >      at processTimers (node:internal/timers:500:7) {"user":"    at processTimers (node:internal/timers:500:7)\r","metadata":{"emulator":{"name":"functions"},"function":{"name":"us-central1-api"},"extension":{},"message":"\u001b[90m> \u001b[39m     at processTimers (node:internal/timers:500:7)\r"}}
[info] >  C:\Users\abc\AppData\Roaming\npm\node_modules\firebase-tools\lib\emulator\functionsEmulatorRuntime.js:635 {"user":"C:\\Users\\abc\\AppData\\Roaming\\npm\\node_modules\\firebase-tools\\lib\\emulator\\functionsEmulatorRuntime.js:635\r","metadata":{"emulator":{"name":"functions"},"function":{"name":"us-central1-api"},"extension":{},"message":"\u001b[90m> \u001b[39m C:\\Users\\abc\\AppData\\Roaming\\npm\\node_modules\\firebase-tools\\lib\\emulator\\functionsEmulatorRuntime.js:635\r"}}
[info] >              throw new Error("Function timed out."); {"user":"            throw new Error(\"Function timed out.\");\r","metadata":{"emulator":{"name":"functions"},"function":{"name":"us-central1-api"},"extension":{},"message":"\u001b[90m> \u001b[39m             throw new Error(\"Function timed out.\");\r"}}
[info] >              ^ {"user":"            ^\r","metadata":{"emulator":{"name":"functions"},"function":{"name":"us-central1-api"},"extension":{},"message":"\u001b[90m> \u001b[39m             ^\r"}}
[info] >   {"user":"\r","metadata":{"emulator":{"name":"functions"},"function":{"name":"us-central1-api"},"extension":{},"message":"\u001b[90m> \u001b[39m \r"}}
[info] >  Error: Function timed out. {"user":"Error: Function timed out.\r","metadata":{"emulator":{"name":"functions"},"function":{"name":"us-central1-api"},"extension":{},"message":"\u001b[90m> \u001b[39m Error: Function timed out.\r"}}
[info] >      at Timeout._onTimeout (C:\Users\abc\AppData\Roaming\npm\node_modules\firebase-tools\lib\emulator\functionsEmulatorRuntime.js:635:19) {"user":"    at Timeout._onTimeout (C:\\Users\\abc\\AppData\\Roaming\\npm\\node_modules\\firebase-tools\\lib\\emulator\\functionsEmulatorRuntime.js:635:19)\r","metadata":{"emulator":{"name":"functions"},"function":{"name":"us-central1-api"},"extension":{},"message":"\u001b[90m> \u001b[39m     at Timeout._onTimeout (C:\\Users\\abc\\AppData\\Roaming\\npm\\node_modules\\firebase-tools\\lib\\emulator\\functionsEmulatorRuntime.js:635:19)\r"}}
[info] >      at listOnTimeout (node:internal/timers:557:17) {"user":"    at listOnTimeout (node:internal/timers:557:17)\r","metadata":{"emulator":{"name":"functions"},"function":{"name":"us-central1-api"},"extension":{},"message":"\u001b[90m> \u001b[39m     at listOnTimeout (node:internal/timers:557:17)\r"}}
[info] >      at processTimers (node:internal/timers:500:7) {"user":"    at processTimers (node:internal/timers:500:7)\r","metadata":{"emulator":{"name":"functions"},"function":{"name":"us-central1-api"},"extension":{},"message":"\u001b[90m> \u001b[39m     at processTimers (node:internal/timers:500:7)\r"}}
[debug] [2022-09-01T13:06:35.229Z] [worker-us-central1-api-83da3b0b-70fc-46c6-ad86-481bcb0c3ccd]: exited {"metadata":{"emulator":{"name":"functions"},"message":"[worker-us-central1-api-83da3b0b-70fc-46c6-ad86-481bcb0c3ccd]: exited"}}
[debug] [2022-09-01T13:06:35.229Z] [worker-us-central1-api-83da3b0b-70fc-46c6-ad86-481bcb0c3ccd]: FINISHED {"metadata":{"emulator":{"name":"functions"},"message":"[worker-us-central1-api-83da3b0b-70fc-46c6-ad86-481bcb0c3ccd]: FINISHED"}}
[debug] [2022-09-01T13:06:35.230Z] [worker-us-central1-api-b5c5afe5-7f4f-4ef4-b4c0-71dc464ad251]: exited {"metadata":{"emulator":{"name":"functions"},"message":"[worker-us-central1-api-b5c5afe5-7f4f-4ef4-b4c0-71dc464ad251]: exited"}}
[debug] [2022-09-01T13:06:35.230Z] [worker-us-central1-api-b5c5afe5-7f4f-4ef4-b4c0-71dc464ad251]: FINISHED {"metadata":{"emulator":{"name":"functions"},"message":"[worker-us-central1-api-b5c5afe5-7f4f-4ef4-b4c0-71dc464ad251]: FINISHED"}}
